{"meta": {"format": 3, "version": "7.13.0", "timestamp": "2025-12-15T09:46:06.050078", "branch_coverage": false, "show_contexts": false}, "files": {"src/codeindex/__init__.py": {"executed_lines": [0], "summary": {"covered_lines": 0, "num_statements": 0, "percent_covered": 100.0, "percent_covered_display": "100", "missing_lines": 0, "excluded_lines": 0, "percent_statements_covered": 100.0, "percent_statements_covered_display": "100"}, "missing_lines": [], "excluded_lines": [], "functions": {"": {"executed_lines": [], "summary": {"covered_lines": 0, "num_statements": 0, "percent_covered": 100.0, "percent_covered_display": "100", "missing_lines": 0, "excluded_lines": 0, "percent_statements_covered": 100.0, "percent_statements_covered_display": "100"}, "missing_lines": [], "excluded_lines": []}}, "classes": {"": {"executed_lines": [], "summary": {"covered_lines": 0, "num_statements": 0, "percent_covered": 100.0, "percent_covered_display": "100", "missing_lines": 0, "excluded_lines": 0, "percent_statements_covered": 100.0, "percent_statements_covered_display": "100"}, "missing_lines": [], "excluded_lines": []}}}, "src/codeindex/__main__.py": {"executed_lines": [], "summary": {"covered_lines": 0, "num_statements": 40, "percent_covered": 0.0, "percent_covered_display": "0", "missing_lines": 40, "excluded_lines": 0, "percent_statements_covered": 0.0, "percent_statements_covered_display": "0"}, "missing_lines": [7, 8, 9, 10, 12, 13, 20, 27, 37, 38, 39, 40, 47, 48, 53, 58, 64, 70, 71, 84, 87, 90, 98, 99, 100, 101, 109, 110, 113, 114, 117, 118, 121, 122, 125, 126, 129, 130, 137, 138], "excluded_lines": [], "functions": {"CLIContext.__init__": {"executed_lines": [], "summary": {"covered_lines": 0, "num_statements": 4, "percent_covered": 0.0, "percent_covered_display": "0", "missing_lines": 4, "excluded_lines": 0, "percent_statements_covered": 0.0, "percent_statements_covered_display": "0"}, "missing_lines": [37, 38, 39, 40], "excluded_lines": []}, "main": {"executed_lines": [], "summary": {"covered_lines": 0, "num_statements": 7, "percent_covered": 0.0, "percent_covered_display": "0", "missing_lines": 7, "excluded_lines": 0, "percent_statements_covered": 0.0, "percent_statements_covered_display": "0"}, "missing_lines": [84, 87, 90, 98, 99, 100, 101], "excluded_lines": []}, "": {"executed_lines": [], "summary": {"covered_lines": 0, "num_statements": 29, "percent_covered": 0.0, "percent_covered_display": "0", "missing_lines": 29, "excluded_lines": 0, "percent_statements_covered": 0.0, "percent_statements_covered_display": "0"}, "missing_lines": [7, 8, 9, 10, 12, 13, 20, 27, 47, 48, 53, 58, 64, 70, 71, 109, 110, 113, 114, 117, 118, 121, 122, 125, 126, 129, 130, 137, 138], "excluded_lines": []}}, "classes": {"CLIContext": {"executed_lines": [], "summary": {"covered_lines": 0, "num_statements": 4, "percent_covered": 0.0, "percent_covered_display": "0", "missing_lines": 4, "excluded_lines": 0, "percent_statements_covered": 0.0, "percent_statements_covered_display": "0"}, "missing_lines": [37, 38, 39, 40], "excluded_lines": []}, "": {"executed_lines": [], "summary": {"covered_lines": 0, "num_statements": 36, "percent_covered": 0.0, "percent_covered_display": "0", "missing_lines": 36, "excluded_lines": 0, "percent_statements_covered": 0.0, "percent_statements_covered_display": "0"}, "missing_lines": [7, 8, 9, 10, 12, 13, 20, 27, 47, 48, 53, 58, 64, 70, 71, 84, 87, 90, 98, 99, 100, 101, 109, 110, 113, 114, 117, 118, 121, 122, 125, 126, 129, 130, 137, 138], "excluded_lines": []}}}, "src/codeindex/cli/__init__.py": {"executed_lines": [], "summary": {"covered_lines": 0, "num_statements": 0, "percent_covered": 100.0, "percent_covered_display": "100", "missing_lines": 0, "excluded_lines": 0, "percent_statements_covered": 100.0, "percent_statements_covered_display": "100"}, "missing_lines": [], "excluded_lines": [], "functions": {"": {"executed_lines": [], "summary": {"covered_lines": 0, "num_statements": 0, "percent_covered": 100.0, "percent_covered_display": "100", "missing_lines": 0, "excluded_lines": 0, "percent_statements_covered": 100.0, "percent_statements_covered_display": "100"}, "missing_lines": [], "excluded_lines": []}}, "classes": {"": {"executed_lines": [], "summary": {"covered_lines": 0, "num_statements": 0, "percent_covered": 100.0, "percent_covered_display": "100", "missing_lines": 0, "excluded_lines": 0, "percent_statements_covered": 100.0, "percent_statements_covered_display": "100"}, "missing_lines": [], "excluded_lines": []}}}, "src/codeindex/cli/discover.py": {"executed_lines": [], "summary": {"covered_lines": 0, "num_statements": 90, "percent_covered": 0.0, "percent_covered_display": "0", "missing_lines": 90, "excluded_lines": 0, "percent_statements_covered": 0.0, "percent_statements_covered_display": "0"}, "missing_lines": [7, 8, 9, 10, 12, 14, 15, 18, 21, 22, 27, 32, 37, 42, 47, 48, 79, 80, 81, 84, 85, 86, 87, 92, 94, 95, 96, 99, 100, 102, 105, 108, 110, 111, 114, 115, 117, 120, 121, 122, 126, 127, 130, 132, 141, 144, 145, 146, 147, 148, 149, 150, 151, 153, 154, 155, 160, 162, 163, 164, 165, 166, 167, 168, 171, 172, 173, 174, 175, 177, 178, 180, 181, 184, 185, 186, 187, 188, 189, 191, 193, 194, 195, 196, 197, 198, 199, 200, 201, 202], "excluded_lines": [], "functions": {"discover_command": {"executed_lines": [], "summary": {"covered_lines": 0, "num_statements": 74, "percent_covered": 0.0, "percent_covered_display": "0", "missing_lines": 74, "excluded_lines": 0, "percent_statements_covered": 0.0, "percent_statements_covered_display": "0"}, "missing_lines": [79, 80, 81, 84, 85, 86, 87, 92, 94, 95, 96, 99, 100, 102, 105, 108, 110, 111, 114, 115, 117, 120, 121, 122, 126, 127, 130, 132, 141, 144, 145, 146, 147, 148, 149, 150, 151, 153, 154, 155, 160, 162, 163, 164, 165, 166, 167, 168, 171, 172, 173, 174, 175, 177, 178, 180, 181, 184, 185, 186, 187, 188, 189, 191, 193, 194, 195, 196, 197, 198, 199, 200, 201, 202], "excluded_lines": []}, "": {"executed_lines": [], "summary": {"covered_lines": 0, "num_statements": 16, "percent_covered": 0.0, "percent_covered_display": "0", "missing_lines": 16, "excluded_lines": 0, "percent_statements_covered": 0.0, "percent_statements_covered_display": "0"}, "missing_lines": [7, 8, 9, 10, 12, 14, 15, 18, 21, 22, 27, 32, 37, 42, 47, 48], "excluded_lines": []}}, "classes": {"": {"executed_lines": [], "summary": {"covered_lines": 0, "num_statements": 90, "percent_covered": 0.0, "percent_covered_display": "0", "missing_lines": 90, "excluded_lines": 0, "percent_statements_covered": 0.0, "percent_statements_covered_display": "0"}, "missing_lines": [7, 8, 9, 10, 12, 14, 15, 18, 21, 22, 27, 32, 37, 42, 47, 48, 79, 80, 81, 84, 85, 86, 87, 92, 94, 95, 96, 99, 100, 102, 105, 108, 110, 111, 114, 115, 117, 120, 121, 122, 126, 127, 130, 132, 141, 144, 145, 146, 147, 148, 149, 150, 151, 153, 154, 155, 160, 162, 163, 164, 165, 166, 167, 168, 171, 172, 173, 174, 175, 177, 178, 180, 181, 184, 185, 186, 187, 188, 189, 191, 193, 194, 195, 196, 197, 198, 199, 200, 201, 202], "excluded_lines": []}}}, "src/codeindex/cli/extract.py": {"executed_lines": [], "summary": {"covered_lines": 0, "num_statements": 155, "percent_covered": 0.0, "percent_covered_display": "0", "missing_lines": 155, "excluded_lines": 0, "percent_statements_covered": 0.0, "percent_statements_covered_display": "0"}, "missing_lines": [7, 8, 9, 10, 12, 14, 15, 16, 17, 19, 22, 23, 28, 33, 38, 43, 49, 54, 59, 64, 69, 70, 104, 105, 106, 109, 110, 111, 113, 114, 115, 118, 119, 122, 125, 126, 127, 128, 129, 130, 132, 133, 135, 140, 145, 147, 148, 149, 150, 151, 152, 153, 156, 167, 168, 169, 170, 171, 172, 174, 175, 178, 181, 182, 184, 187, 188, 189, 190, 191, 193, 194, 197, 208, 209, 212, 214, 215, 216, 217, 220, 222, 223, 225, 226, 227, 229, 231, 232, 234, 235, 237, 239, 240, 241, 242, 245, 246, 248, 249, 251, 252, 254, 255, 257, 259, 260, 263, 264, 268, 270, 273, 274, 276, 278, 283, 286, 287, 289, 290, 293, 295, 296, 297, 298, 299, 301, 302, 304, 305, 307, 308, 310, 311, 314, 316, 317, 318, 319, 322, 323, 324, 325, 327, 328, 329, 332, 333, 334, 337, 338, 339, 340, 342, 343], "excluded_lines": [], "functions": {"extract_command": {"executed_lines": [], "summary": {"covered_lines": 0, "num_statements": 30, "percent_covered": 0.0, "percent_covered_display": "0", "missing_lines": 30, "excluded_lines": 0, "percent_statements_covered": 0.0, "percent_statements_covered_display": "0"}, "missing_lines": [104, 105, 106, 109, 110, 111, 113, 114, 115, 118, 119, 122, 125, 126, 127, 128, 129, 130, 132, 133, 135, 140, 145, 147, 148, 149, 150, 151, 152, 153], "excluded_lines": []}, "_extract_single_file": {"executed_lines": [], "summary": {"covered_lines": 0, "num_statements": 19, "percent_covered": 0.0, "percent_covered_display": "0", "missing_lines": 19, "excluded_lines": 0, "percent_statements_covered": 0.0, "percent_statements_covered_display": "0"}, "missing_lines": [167, 168, 169, 170, 171, 172, 174, 175, 178, 181, 182, 184, 187, 188, 189, 190, 191, 193, 194], "excluded_lines": []}, "_extract_from_inventory": {"executed_lines": [], "summary": {"covered_lines": 0, "num_statements": 47, "percent_covered": 0.0, "percent_covered_display": "0", "missing_lines": 47, "excluded_lines": 0, "percent_statements_covered": 0.0, "percent_statements_covered_display": "0"}, "missing_lines": [208, 209, 212, 214, 215, 216, 217, 220, 222, 223, 225, 226, 227, 229, 231, 232, 234, 235, 237, 239, 240, 241, 242, 245, 246, 248, 249, 251, 252, 254, 255, 257, 259, 260, 263, 264, 268, 270, 273, 274, 276, 278, 283, 286, 287, 289, 290], "excluded_lines": []}, "_print_extraction_result": {"executed_lines": [], "summary": {"covered_lines": 0, "num_statements": 13, "percent_covered": 0.0, "percent_covered_display": "0", "missing_lines": 13, "excluded_lines": 0, "percent_statements_covered": 0.0, "percent_statements_covered_display": "0"}, "missing_lines": [295, 296, 297, 298, 299, 301, 302, 304, 305, 307, 308, 310, 311], "excluded_lines": []}, "_print_extraction_summary": {"executed_lines": [], "summary": {"covered_lines": 0, "num_statements": 20, "percent_covered": 0.0, "percent_covered_display": "0", "missing_lines": 20, "excluded_lines": 0, "percent_statements_covered": 0.0, "percent_statements_covered_display": "0"}, "missing_lines": [316, 317, 318, 319, 322, 323, 324, 325, 327, 328, 329, 332, 333, 334, 337, 338, 339, 340, 342, 343], "excluded_lines": []}, "": {"executed_lines": [], "summary": {"covered_lines": 0, "num_statements": 26, "percent_covered": 0.0, "percent_covered_display": "0", "missing_lines": 26, "excluded_lines": 0, "percent_statements_covered": 0.0, "percent_statements_covered_display": "0"}, "missing_lines": [7, 8, 9, 10, 12, 14, 15, 16, 17, 19, 22, 23, 28, 33, 38, 43, 49, 54, 59, 64, 69, 70, 156, 197, 293, 314], "excluded_lines": []}}, "classes": {"": {"executed_lines": [], "summary": {"covered_lines": 0, "num_statements": 155, "percent_covered": 0.0, "percent_covered_display": "0", "missing_lines": 155, "excluded_lines": 0, "percent_statements_covered": 0.0, "percent_statements_covered_display": "0"}, "missing_lines": [7, 8, 9, 10, 12, 14, 15, 16, 17, 19, 22, 23, 28, 33, 38, 43, 49, 54, 59, 64, 69, 70, 104, 105, 106, 109, 110, 111, 113, 114, 115, 118, 119, 122, 125, 126, 127, 128, 129, 130, 132, 133, 135, 140, 145, 147, 148, 149, 150, 151, 152, 153, 156, 167, 168, 169, 170, 171, 172, 174, 175, 178, 181, 182, 184, 187, 188, 189, 190, 191, 193, 194, 197, 208, 209, 212, 214, 215, 216, 217, 220, 222, 223, 225, 226, 227, 229, 231, 232, 234, 235, 237, 239, 240, 241, 242, 245, 246, 248, 249, 251, 252, 254, 255, 257, 259, 260, 263, 264, 268, 270, 273, 274, 276, 278, 283, 286, 287, 289, 290, 293, 295, 296, 297, 298, 299, 301, 302, 304, 305, 307, 308, 310, 311, 314, 316, 317, 318, 319, 322, 323, 324, 325, 327, 328, 329, 332, 333, 334, 337, 338, 339, 340, 342, 343], "excluded_lines": []}}}, "src/codeindex/cli/index.py": {"executed_lines": [], "summary": {"covered_lines": 0, "num_statements": 104, "percent_covered": 0.0, "percent_covered_display": "0", "missing_lines": 104, "excluded_lines": 0, "percent_statements_covered": 0.0, "percent_statements_covered_display": "0"}, "missing_lines": [7, 8, 9, 10, 12, 14, 15, 16, 18, 21, 22, 28, 34, 40, 45, 50, 55, 56, 85, 86, 87, 90, 91, 93, 94, 95, 96, 97, 98, 99, 102, 103, 104, 106, 107, 108, 110, 111, 112, 113, 114, 117, 118, 119, 120, 121, 122, 125, 126, 127, 128, 129, 131, 132, 139, 140, 142, 144, 146, 147, 148, 149, 150, 151, 152, 153, 154, 155, 158, 171, 174, 175, 176, 177, 178, 179, 180, 183, 184, 185, 186, 187, 188, 189, 191, 192, 197, 199, 200, 201, 202, 203, 204, 207, 214, 215, 216, 217, 218, 219, 220, 222, 223, 225], "excluded_lines": [], "functions": {"index_command": {"executed_lines": [], "summary": {"covered_lines": 0, "num_statements": 50, "percent_covered": 0.0, "percent_covered_display": "0", "missing_lines": 50, "excluded_lines": 0, "percent_statements_covered": 0.0, "percent_statements_covered_display": "0"}, "missing_lines": [85, 86, 87, 90, 91, 93, 94, 95, 96, 97, 98, 99, 102, 103, 104, 106, 107, 108, 110, 111, 112, 113, 114, 117, 118, 119, 120, 121, 122, 125, 126, 127, 128, 129, 131, 132, 139, 140, 142, 144, 146, 147, 148, 149, 150, 151, 152, 153, 154, 155], "excluded_lines": []}, "_dry_run_index": {"executed_lines": [], "summary": {"covered_lines": 0, "num_statements": 24, "percent_covered": 0.0, "percent_covered_display": "0", "missing_lines": 24, "excluded_lines": 0, "percent_statements_covered": 0.0, "percent_statements_covered_display": "0"}, "missing_lines": [171, 174, 175, 176, 177, 178, 179, 180, 183, 184, 185, 186, 187, 188, 189, 191, 192, 197, 199, 200, 201, 202, 203, 204], "excluded_lines": []}, "_print_index_summary": {"executed_lines": [], "summary": {"covered_lines": 0, "num_statements": 10, "percent_covered": 0.0, "percent_covered_display": "0", "missing_lines": 10, "excluded_lines": 0, "percent_statements_covered": 0.0, "percent_statements_covered_display": "0"}, "missing_lines": [214, 215, 216, 217, 218, 219, 220, 222, 223, 225], "excluded_lines": []}, "": {"executed_lines": [], "summary": {"covered_lines": 0, "num_statements": 20, "percent_covered": 0.0, "percent_covered_display": "0", "missing_lines": 20, "excluded_lines": 0, "percent_statements_covered": 0.0, "percent_statements_covered_display": "0"}, "missing_lines": [7, 8, 9, 10, 12, 14, 15, 16, 18, 21, 22, 28, 34, 40, 45, 50, 55, 56, 158, 207], "excluded_lines": []}}, "classes": {"": {"executed_lines": [], "summary": {"covered_lines": 0, "num_statements": 104, "percent_covered": 0.0, "percent_covered_display": "0", "missing_lines": 104, "excluded_lines": 0, "percent_statements_covered": 0.0, "percent_statements_covered_display": "0"}, "missing_lines": [7, 8, 9, 10, 12, 14, 15, 16, 18, 21, 22, 28, 34, 40, 45, 50, 55, 56, 85, 86, 87, 90, 91, 93, 94, 95, 96, 97, 98, 99, 102, 103, 104, 106, 107, 108, 110, 111, 112, 113, 114, 117, 118, 119, 120, 121, 122, 125, 126, 127, 128, 129, 131, 132, 139, 140, 142, 144, 146, 147, 148, 149, 150, 151, 152, 153, 154, 155, 158, 171, 174, 175, 176, 177, 178, 179, 180, 183, 184, 185, 186, 187, 188, 189, 191, 192, 197, 199, 200, 201, 202, 203, 204, 207, 214, 215, 216, 217, 218, 219, 220, 222, 223, 225], "excluded_lines": []}}}, "src/codeindex/cli/prd.py": {"executed_lines": [], "summary": {"covered_lines": 0, "num_statements": 1097, "percent_covered": 0.0, "percent_covered_display": "0", "missing_lines": 1097, "excluded_lines": 0, "percent_statements_covered": 0.0, "percent_statements_covered_display": "0"}, "missing_lines": [8, 9, 10, 11, 13, 15, 16, 17, 18, 19, 20, 21, 22, 23, 24, 25, 27, 31, 32, 33, 34, 35, 36, 37, 38, 39, 40, 41, 44, 45, 51, 57, 63, 70, 76, 83, 89, 96, 101, 106, 112, 118, 124, 130, 136, 141, 147, 152, 157, 164, 170, 176, 177, 235, 236, 242, 243, 244, 247, 257, 258, 261, 262, 263, 266, 267, 268, 269, 272, 273, 287, 288, 293, 294, 295, 296, 297, 300, 309, 310, 311, 312, 315, 316, 327, 328, 329, 332, 333, 344, 345, 346, 349, 350, 361, 362, 363, 366, 367, 368, 370, 372, 379, 382, 383, 385, 386, 388, 390, 391, 392, 393, 394, 395, 398, 399, 400, 401, 402, 404, 407, 408, 410, 413, 440, 441, 442, 443, 444, 446, 447, 448, 449, 450, 453, 454, 456, 457, 458, 459, 460, 461, 462, 463, 466, 467, 468, 469, 470, 472, 475, 488, 489, 490, 491, 492, 493, 494, 495, 496, 499, 500, 501, 502, 503, 504, 505, 506, 507, 508, 509, 510, 512, 515, 528, 529, 535, 537, 538, 539, 540, 541, 542, 545, 572, 573, 574, 575, 576, 577, 578, 579, 580, 581, 582, 583, 584, 585, 586, 587, 588, 591, 619, 620, 622, 623, 634, 637, 638, 640, 646, 647, 648, 651, 652, 654, 655, 656, 657, 659, 660, 662, 671, 672, 673, 674, 676, 682, 710, 711, 713, 714, 725, 728, 729, 732, 733, 734, 735, 736, 737, 738, 739, 740, 743, 744, 745, 746, 747, 748, 749, 750, 751, 754, 755, 757, 763, 764, 765, 768, 769, 771, 772, 773, 774, 776, 777, 779, 788, 789, 790, 791, 793, 799, 827, 828, 830, 831, 842, 845, 846, 852, 853, 854, 855, 856, 857, 861, 862, 864, 865, 866, 869, 870, 873, 874, 875, 876, 877, 878, 879, 880, 881, 884, 885, 886, 887, 888, 889, 890, 891, 892, 895, 896, 898, 904, 905, 906, 909, 910, 912, 913, 914, 915, 917, 918, 920, 921, 922, 923, 926, 938, 939, 940, 941, 943, 949, 951, 953, 956, 957, 958, 959, 962, 963, 964, 965, 966, 967, 968, 969, 972, 973, 974, 975, 978, 979, 980, 981, 982, 983, 985, 986, 987, 988, 989, 990, 991, 994, 995, 997, 998, 999, 1001, 1002, 1003, 1005, 1006, 1007, 1010, 1011, 1012, 1013, 1014, 1015, 1016, 1017, 1018, 1019, 1020, 1023, 1024, 1025, 1027, 1028, 1029, 1030, 1032, 1033, 1035, 1036, 1038, 1039, 1041, 1049, 1050, 1053, 1054, 1055, 1056, 1057, 1058, 1059, 1060, 1061, 1062, 1063, 1064, 1067, 1068, 1069, 1070, 1071, 1072, 1073, 1074, 1075, 1078, 1079, 1080, 1081, 1082, 1083, 1084, 1087, 1088, 1089, 1090, 1093, 1094, 1095, 1097, 1098, 1108, 1109, 1110, 1111, 1112, 1113, 1114, 1115, 1116, 1117, 1119, 1126, 1128, 1129, 1132, 1133, 1135, 1136, 1137, 1138, 1140, 1141, 1142, 1143, 1144, 1145, 1146, 1147, 1148, 1150, 1151, 1152, 1153, 1154, 1156, 1157, 1158, 1159, 1160, 1162, 1163, 1164, 1166, 1167, 1168, 1169, 1170, 1171, 1173, 1174, 1176, 1177, 1180, 1181, 1182, 1183, 1185, 1186, 1187, 1188, 1189, 1190, 1191, 1192, 1194, 1195, 1197, 1200, 1202, 1204, 1207, 1208, 1209, 1210, 1213, 1214, 1215, 1216, 1217, 1218, 1219, 1220, 1223, 1224, 1225, 1226, 1229, 1230, 1231, 1232, 1233, 1234, 1235, 1237, 1238, 1239, 1240, 1242, 1243, 1244, 1245, 1246, 1247, 1248, 1249, 1251, 1252, 1253, 1254, 1255, 1258, 1259, 1261, 1262, 1263, 1265, 1266, 1267, 1269, 1270, 1271, 1274, 1275, 1276, 1277, 1278, 1279, 1280, 1281, 1282, 1285, 1286, 1287, 1289, 1290, 1291, 1292, 1293, 1294, 1295, 1296, 1297, 1298, 1299, 1300, 1303, 1304, 1305, 1306, 1307, 1308, 1309, 1310, 1313, 1314, 1315, 1316, 1317, 1318, 1321, 1322, 1323, 1324, 1325, 1326, 1327, 1328, 1329, 1330, 1331, 1332, 1333, 1334, 1337, 1338, 1339, 1340, 1341, 1342, 1345, 1346, 1347, 1348, 1349, 1350, 1352, 1353, 1354, 1356, 1357, 1358, 1360, 1361, 1363, 1364, 1365, 1367, 1369, 1370, 1371, 1372, 1373, 1376, 1377, 1379, 1380, 1381, 1383, 1384, 1385, 1386, 1387, 1388, 1389, 1391, 1392, 1393, 1395, 1396, 1397, 1399, 1400, 1403, 1404, 1406, 1408, 1409, 1410, 1411, 1412, 1413, 1415, 1416, 1418, 1419, 1420, 1421, 1422, 1424, 1425, 1426, 1427, 1428, 1430, 1438, 1439, 1442, 1443, 1445, 1446, 1447, 1448, 1450, 1451, 1452, 1454, 1455, 1456, 1457, 1458, 1460, 1461, 1463, 1464, 1466, 1467, 1469, 1472, 1473, 1474, 1475, 1476, 1477, 1478, 1479, 1480, 1481, 1482, 1485, 1486, 1487, 1488, 1489, 1490, 1491, 1492, 1493, 1494, 1496, 1497, 1499, 1500, 1503, 1504, 1507, 1508, 1509, 1510, 1516, 1517, 1518, 1519, 1520, 1525, 1527, 1528, 1531, 1532, 1533, 1534, 1536, 1537, 1538, 1539, 1540, 1541, 1542, 1543, 1544, 1545, 1547, 1550, 1552, 1554, 1557, 1558, 1559, 1560, 1563, 1564, 1565, 1566, 1567, 1568, 1569, 1570, 1573, 1574, 1575, 1576, 1579, 1580, 1581, 1582, 1583, 1584, 1585, 1587, 1588, 1589, 1590, 1592, 1593, 1594, 1595, 1596, 1597, 1598, 1599, 1601, 1602, 1603, 1604, 1605, 1608, 1609, 1611, 1612, 1613, 1615, 1616, 1617, 1619, 1620, 1621, 1624, 1625, 1626, 1627, 1628, 1629, 1630, 1631, 1632, 1635, 1636, 1637, 1639, 1640, 1641, 1642, 1643, 1651, 1652, 1655, 1656, 1657, 1658, 1659, 1660, 1663, 1664, 1665, 1666, 1667, 1668, 1669, 1670, 1673, 1674, 1675, 1676, 1677, 1678, 1681, 1682, 1683, 1684, 1685, 1686, 1689, 1690, 1691, 1692, 1693, 1694, 1697, 1698, 1700, 1702, 1703, 1704, 1705, 1706, 1707, 1709, 1710, 1712, 1713, 1714, 1716, 1717, 1718, 1720, 1721, 1722, 1724, 1725, 1726, 1727, 1729, 1730, 1731, 1732, 1734, 1735, 1737, 1740, 1741, 1742, 1743, 1744, 1745, 1747, 1748, 1749, 1750, 1751, 1752, 1755, 1756, 1757, 1758, 1759, 1760, 1763, 1764, 1765, 1766, 1767, 1768, 1771, 1772, 1773, 1774, 1775, 1776, 1779, 1780, 1781, 1782, 1783, 1784, 1786, 1787, 1788, 1789, 1790, 1791, 1793, 1794, 1797, 1798, 1801, 1802, 1803, 1804, 1812, 1813, 1814, 1815, 1816, 1823, 1825, 1826, 1829, 1830, 1831, 1832, 1835, 1836, 1837, 1838, 1843, 1844, 1845, 1846, 1847, 1848, 1849, 1850, 1851, 1852, 1854, 1855, 1858, 1859, 1861, 1862, 1863, 1864, 1865, 1866, 1867, 1868, 1871, 1872, 1873, 1874, 1875, 1878, 1879, 1880, 1881, 1882, 1883, 1885, 1892, 1893, 1896, 1897, 1899, 1900, 1901, 1903, 1904, 1905, 1908, 1909, 1910, 1911, 1912, 1913, 1914, 1915, 1918, 1919, 1920, 1921, 1922, 1923, 1924, 1925, 1926, 1929, 1930, 1931, 1932, 1933, 1934, 1935, 1936, 1938, 1939, 1942, 1943, 1944, 1945, 1946, 1949, 1950, 1951, 1952, 1953, 1955, 1961, 1962, 1965, 1966, 1968, 1969, 1970, 1972, 1973, 1974, 1977, 1978, 1979, 1980, 1981, 1982, 1983, 1984, 1986, 1987, 1989, 1992, 1994, 1995, 1998, 1999, 2000, 2001, 2002, 2004, 2007, 2008, 2009, 2010, 2011, 2013, 2016, 2017, 2018, 2019, 2020, 2022, 2024, 2025, 2026, 2027, 2028, 2029, 2030], "excluded_lines": [], "functions": {"prd_command": {"executed_lines": [], "summary": {"covered_lines": 0, "num_statements": 70, "percent_covered": 0.0, "percent_covered_display": "0", "missing_lines": 70, "excluded_lines": 0, "percent_statements_covered": 0.0, "percent_statements_covered_display": "0"}, "missing_lines": [235, 236, 242, 243, 244, 247, 257, 258, 261, 262, 263, 266, 267, 268, 269, 272, 273, 287, 288, 293, 294, 295, 296, 297, 300, 309, 310, 311, 312, 315, 316, 327, 328, 329, 332, 333, 344, 345, 346, 349, 350, 361, 362, 363, 366, 367, 368, 370, 372, 379, 382, 383, 385, 386, 388, 390, 391, 392, 393, 394, 395, 398, 399, 400, 401, 402, 404, 407, 408, 410], "excluded_lines": []}, "_validate_arguments": {"executed_lines": [], "summary": {"covered_lines": 0, "num_statements": 26, "percent_covered": 0.0, "percent_covered_display": "0", "missing_lines": 26, "excluded_lines": 0, "percent_statements_covered": 0.0, "percent_statements_covered_display": "0"}, "missing_lines": [440, 441, 442, 443, 444, 446, 447, 448, 449, 450, 453, 454, 456, 457, 458, 459, 460, 461, 462, 463, 466, 467, 468, 469, 470, 472], "excluded_lines": []}, "_check_service_health": {"executed_lines": [], "summary": {"covered_lines": 0, "num_statements": 22, "percent_covered": 0.0, "percent_covered_display": "0", "missing_lines": 22, "excluded_lines": 0, "percent_statements_covered": 0.0, "percent_statements_covered_display": "0"}, "missing_lines": [488, 489, 490, 491, 492, 493, 494, 495, 496, 499, 500, 501, 502, 503, 504, 505, 506, 507, 508, 509, 510, 512], "excluded_lines": []}, "_verify_project_exists": {"executed_lines": [], "summary": {"covered_lines": 0, "num_statements": 9, "percent_covered": 0.0, "percent_covered_display": "0", "missing_lines": 9, "excluded_lines": 0, "percent_statements_covered": 0.0, "percent_statements_covered_display": "0"}, "missing_lines": [528, 529, 535, 537, 538, 539, 540, 541, 542], "excluded_lines": []}, "_print_configuration": {"executed_lines": [], "summary": {"covered_lines": 0, "num_statements": 17, "percent_covered": 0.0, "percent_covered_display": "0", "missing_lines": 17, "excluded_lines": 0, "percent_statements_covered": 0.0, "percent_statements_covered_display": "0"}, "missing_lines": [572, 573, 574, 575, 576, 577, 578, 579, 580, 581, 582, 583, 584, 585, 586, 587, 588], "excluded_lines": []}, "_analyze_database_layer": {"executed_lines": [], "summary": {"covered_lines": 0, "num_statements": 25, "percent_covered": 0.0, "percent_covered_display": "0", "missing_lines": 25, "excluded_lines": 0, "percent_statements_covered": 0.0, "percent_statements_covered_display": "0"}, "missing_lines": [619, 620, 622, 623, 634, 637, 638, 640, 646, 647, 648, 651, 652, 654, 655, 656, 657, 659, 660, 662, 671, 672, 673, 674, 676], "excluded_lines": []}, "_analyze_service_layer": {"executed_lines": [], "summary": {"covered_lines": 0, "num_statements": 45, "percent_covered": 0.0, "percent_covered_display": "0", "missing_lines": 45, "excluded_lines": 0, "percent_statements_covered": 0.0, "percent_statements_covered_display": "0"}, "missing_lines": [710, 711, 713, 714, 725, 728, 729, 732, 733, 734, 735, 736, 737, 738, 739, 740, 743, 744, 745, 746, 747, 748, 749, 750, 751, 754, 755, 757, 763, 764, 765, 768, 769, 771, 772, 773, 774, 776, 777, 779, 788, 789, 790, 791, 793], "excluded_lines": []}, "_analyze_frontend_layer": {"executed_lines": [], "summary": {"covered_lines": 0, "num_statements": 62, "percent_covered": 0.0, "percent_covered_display": "0", "missing_lines": 62, "excluded_lines": 0, "percent_statements_covered": 0.0, "percent_statements_covered_display": "0"}, "missing_lines": [827, 828, 830, 831, 842, 845, 846, 852, 853, 854, 855, 856, 857, 861, 862, 864, 865, 866, 869, 870, 873, 874, 875, 876, 877, 878, 879, 880, 881, 884, 885, 886, 887, 888, 889, 890, 891, 892, 895, 896, 898, 904, 905, 906, 909, 910, 912, 913, 914, 915, 917, 918, 920, 921, 922, 923, 926, 938, 939, 940, 941, 943], "excluded_lines": []}, "_generate_database_prd": {"executed_lines": [], "summary": {"covered_lines": 0, "num_statements": 173, "percent_covered": 0.0, "percent_covered_display": "0", "missing_lines": 173, "excluded_lines": 0, "percent_statements_covered": 0.0, "percent_statements_covered_display": "0"}, "missing_lines": [951, 953, 956, 957, 958, 959, 962, 963, 964, 965, 966, 967, 968, 969, 972, 973, 974, 975, 978, 979, 980, 981, 982, 983, 985, 986, 987, 988, 989, 990, 991, 994, 995, 997, 998, 999, 1001, 1002, 1003, 1005, 1006, 1007, 1010, 1011, 1012, 1013, 1014, 1015, 1016, 1017, 1018, 1019, 1020, 1023, 1024, 1025, 1027, 1028, 1029, 1030, 1032, 1033, 1035, 1036, 1038, 1039, 1041, 1049, 1050, 1053, 1054, 1055, 1056, 1057, 1058, 1059, 1060, 1061, 1062, 1063, 1064, 1067, 1068, 1069, 1070, 1071, 1072, 1073, 1074, 1075, 1078, 1079, 1080, 1081, 1082, 1083, 1084, 1087, 1088, 1089, 1090, 1093, 1094, 1095, 1097, 1098, 1108, 1109, 1110, 1111, 1112, 1113, 1114, 1115, 1116, 1117, 1119, 1126, 1128, 1129, 1132, 1133, 1135, 1136, 1137, 1138, 1140, 1141, 1142, 1143, 1144, 1145, 1146, 1147, 1148, 1150, 1151, 1152, 1153, 1154, 1156, 1157, 1158, 1159, 1160, 1162, 1163, 1164, 1166, 1167, 1168, 1169, 1170, 1171, 1173, 1174, 1176, 1177, 1180, 1181, 1182, 1183, 1185, 1186, 1187, 1188, 1189, 1190, 1191, 1192, 1194, 1195, 1197], "excluded_lines": []}, "_generate_service_prd": {"executed_lines": [], "summary": {"covered_lines": 0, "num_statements": 253, "percent_covered": 0.0, "percent_covered_display": "0", "missing_lines": 253, "excluded_lines": 0, "percent_statements_covered": 0.0, "percent_statements_covered_display": "0"}, "missing_lines": [1202, 1204, 1207, 1208, 1209, 1210, 1213, 1214, 1215, 1216, 1217, 1218, 1219, 1220, 1223, 1224, 1225, 1226, 1229, 1230, 1231, 1232, 1233, 1234, 1235, 1237, 1238, 1239, 1240, 1242, 1243, 1244, 1245, 1246, 1247, 1248, 1249, 1251, 1252, 1253, 1254, 1255, 1258, 1259, 1261, 1262, 1263, 1265, 1266, 1267, 1269, 1270, 1271, 1274, 1275, 1276, 1277, 1278, 1279, 1280, 1281, 1282, 1285, 1286, 1287, 1289, 1290, 1291, 1292, 1293, 1294, 1295, 1296, 1297, 1298, 1299, 1300, 1303, 1304, 1305, 1306, 1307, 1308, 1309, 1310, 1313, 1314, 1315, 1316, 1317, 1318, 1321, 1322, 1323, 1324, 1325, 1326, 1327, 1328, 1329, 1330, 1331, 1332, 1333, 1334, 1337, 1338, 1339, 1340, 1341, 1342, 1345, 1346, 1347, 1348, 1349, 1350, 1352, 1353, 1354, 1356, 1357, 1358, 1360, 1361, 1363, 1364, 1365, 1367, 1369, 1370, 1371, 1372, 1373, 1376, 1377, 1379, 1380, 1381, 1383, 1384, 1385, 1386, 1387, 1388, 1389, 1391, 1392, 1393, 1395, 1396, 1397, 1399, 1400, 1403, 1404, 1406, 1408, 1409, 1410, 1411, 1412, 1413, 1415, 1416, 1418, 1419, 1420, 1421, 1422, 1424, 1425, 1426, 1427, 1428, 1430, 1438, 1439, 1442, 1443, 1445, 1446, 1447, 1448, 1450, 1451, 1452, 1454, 1455, 1456, 1457, 1458, 1460, 1461, 1463, 1464, 1466, 1467, 1469, 1472, 1473, 1474, 1475, 1476, 1477, 1478, 1479, 1480, 1481, 1482, 1485, 1486, 1487, 1488, 1489, 1490, 1491, 1492, 1493, 1494, 1496, 1497, 1499, 1500, 1503, 1504, 1507, 1508, 1509, 1510, 1516, 1517, 1518, 1519, 1520, 1525, 1527, 1528, 1531, 1532, 1533, 1534, 1536, 1537, 1538, 1539, 1540, 1541, 1542, 1543, 1544, 1545, 1547], "excluded_lines": []}, "_generate_frontend_prd": {"executed_lines": [], "summary": {"covered_lines": 0, "num_statements": 304, "percent_covered": 0.0, "percent_covered_display": "0", "missing_lines": 304, "excluded_lines": 0, "percent_statements_covered": 0.0, "percent_statements_covered_display": "0"}, "missing_lines": [1552, 1554, 1557, 1558, 1559, 1560, 1563, 1564, 1565, 1566, 1567, 1568, 1569, 1570, 1573, 1574, 1575, 1576, 1579, 1580, 1581, 1582, 1583, 1584, 1585, 1587, 1588, 1589, 1590, 1592, 1593, 1594, 1595, 1596, 1597, 1598, 1599, 1601, 1602, 1603, 1604, 1605, 1608, 1609, 1611, 1612, 1613, 1615, 1616, 1617, 1619, 1620, 1621, 1624, 1625, 1626, 1627, 1628, 1629, 1630, 1631, 1632, 1635, 1636, 1637, 1639, 1640, 1641, 1642, 1643, 1651, 1652, 1655, 1656, 1657, 1658, 1659, 1660, 1663, 1664, 1665, 1666, 1667, 1668, 1669, 1670, 1673, 1674, 1675, 1676, 1677, 1678, 1681, 1682, 1683, 1684, 1685, 1686, 1689, 1690, 1691, 1692, 1693, 1694, 1697, 1698, 1700, 1702, 1703, 1704, 1705, 1706, 1707, 1709, 1710, 1712, 1713, 1714, 1716, 1717, 1718, 1720, 1721, 1722, 1724, 1725, 1726, 1727, 1729, 1730, 1731, 1732, 1734, 1735, 1737, 1740, 1741, 1742, 1743, 1744, 1745, 1747, 1748, 1749, 1750, 1751, 1752, 1755, 1756, 1757, 1758, 1759, 1760, 1763, 1764, 1765, 1766, 1767, 1768, 1771, 1772, 1773, 1774, 1775, 1776, 1779, 1780, 1781, 1782, 1783, 1784, 1786, 1787, 1788, 1789, 1790, 1791, 1793, 1794, 1797, 1798, 1801, 1802, 1803, 1804, 1812, 1813, 1814, 1815, 1816, 1823, 1825, 1826, 1829, 1830, 1831, 1832, 1835, 1836, 1837, 1838, 1843, 1844, 1845, 1846, 1847, 1848, 1849, 1850, 1851, 1852, 1854, 1855, 1858, 1859, 1861, 1862, 1863, 1864, 1865, 1866, 1867, 1868, 1871, 1872, 1873, 1874, 1875, 1878, 1879, 1880, 1881, 1882, 1883, 1885, 1892, 1893, 1896, 1897, 1899, 1900, 1901, 1903, 1904, 1905, 1908, 1909, 1910, 1911, 1912, 1913, 1914, 1915, 1918, 1919, 1920, 1921, 1922, 1923, 1924, 1925, 1926, 1929, 1930, 1931, 1932, 1933, 1934, 1935, 1936, 1938, 1939, 1942, 1943, 1944, 1945, 1946, 1949, 1950, 1951, 1952, 1953, 1955, 1961, 1962, 1965, 1966, 1968, 1969, 1970, 1972, 1973, 1974, 1977, 1978, 1979, 1980, 1981, 1982, 1983, 1984, 1986, 1987, 1989], "excluded_lines": []}, "_print_final_summary": {"executed_lines": [], "summary": {"covered_lines": 0, "num_statements": 27, "percent_covered": 0.0, "percent_covered_display": "0", "missing_lines": 27, "excluded_lines": 0, "percent_statements_covered": 0.0, "percent_statements_covered_display": "0"}, "missing_lines": [1994, 1995, 1998, 1999, 2000, 2001, 2002, 2004, 2007, 2008, 2009, 2010, 2011, 2013, 2016, 2017, 2018, 2019, 2020, 2022, 2024, 2025, 2026, 2027, 2028, 2029, 2030], "excluded_lines": []}, "": {"executed_lines": [], "summary": {"covered_lines": 0, "num_statements": 64, "percent_covered": 0.0, "percent_covered_display": "0", "missing_lines": 64, "excluded_lines": 0, "percent_statements_covered": 0.0, "percent_statements_covered_display": "0"}, "missing_lines": [8, 9, 10, 11, 13, 15, 16, 17, 18, 19, 20, 21, 22, 23, 24, 25, 27, 31, 32, 33, 34, 35, 36, 37, 38, 39, 40, 41, 44, 45, 51, 57, 63, 70, 76, 83, 89, 96, 101, 106, 112, 118, 124, 130, 136, 141, 147, 152, 157, 164, 170, 176, 177, 413, 475, 515, 545, 591, 682, 799, 949, 1200, 1550, 1992], "excluded_lines": []}}, "classes": {"": {"executed_lines": [], "summary": {"covered_lines": 0, "num_statements": 1097, "percent_covered": 0.0, "percent_covered_display": "0", "missing_lines": 1097, "excluded_lines": 0, "percent_statements_covered": 0.0, "percent_statements_covered_display": "0"}, "missing_lines": [8, 9, 10, 11, 13, 15, 16, 17, 18, 19, 20, 21, 22, 23, 24, 25, 27, 31, 32, 33, 34, 35, 36, 37, 38, 39, 40, 41, 44, 45, 51, 57, 63, 70, 76, 83, 89, 96, 101, 106, 112, 118, 124, 130, 136, 141, 147, 152, 157, 164, 170, 176, 177, 235, 236, 242, 243, 244, 247, 257, 258, 261, 262, 263, 266, 267, 268, 269, 272, 273, 287, 288, 293, 294, 295, 296, 297, 300, 309, 310, 311, 312, 315, 316, 327, 328, 329, 332, 333, 344, 345, 346, 349, 350, 361, 362, 363, 366, 367, 368, 370, 372, 379, 382, 383, 385, 386, 388, 390, 391, 392, 393, 394, 395, 398, 399, 400, 401, 402, 404, 407, 408, 410, 413, 440, 441, 442, 443, 444, 446, 447, 448, 449, 450, 453, 454, 456, 457, 458, 459, 460, 461, 462, 463, 466, 467, 468, 469, 470, 472, 475, 488, 489, 490, 491, 492, 493, 494, 495, 496, 499, 500, 501, 502, 503, 504, 505, 506, 507, 508, 509, 510, 512, 515, 528, 529, 535, 537, 538, 539, 540, 541, 542, 545, 572, 573, 574, 575, 576, 577, 578, 579, 580, 581, 582, 583, 584, 585, 586, 587, 588, 591, 619, 620, 622, 623, 634, 637, 638, 640, 646, 647, 648, 651, 652, 654, 655, 656, 657, 659, 660, 662, 671, 672, 673, 674, 676, 682, 710, 711, 713, 714, 725, 728, 729, 732, 733, 734, 735, 736, 737, 738, 739, 740, 743, 744, 745, 746, 747, 748, 749, 750, 751, 754, 755, 757, 763, 764, 765, 768, 769, 771, 772, 773, 774, 776, 777, 779, 788, 789, 790, 791, 793, 799, 827, 828, 830, 831, 842, 845, 846, 852, 853, 854, 855, 856, 857, 861, 862, 864, 865, 866, 869, 870, 873, 874, 875, 876, 877, 878, 879, 880, 881, 884, 885, 886, 887, 888, 889, 890, 891, 892, 895, 896, 898, 904, 905, 906, 909, 910, 912, 913, 914, 915, 917, 918, 920, 921, 922, 923, 926, 938, 939, 940, 941, 943, 949, 951, 953, 956, 957, 958, 959, 962, 963, 964, 965, 966, 967, 968, 969, 972, 973, 974, 975, 978, 979, 980, 981, 982, 983, 985, 986, 987, 988, 989, 990, 991, 994, 995, 997, 998, 999, 1001, 1002, 1003, 1005, 1006, 1007, 1010, 1011, 1012, 1013, 1014, 1015, 1016, 1017, 1018, 1019, 1020, 1023, 1024, 1025, 1027, 1028, 1029, 1030, 1032, 1033, 1035, 1036, 1038, 1039, 1041, 1049, 1050, 1053, 1054, 1055, 1056, 1057, 1058, 1059, 1060, 1061, 1062, 1063, 1064, 1067, 1068, 1069, 1070, 1071, 1072, 1073, 1074, 1075, 1078, 1079, 1080, 1081, 1082, 1083, 1084, 1087, 1088, 1089, 1090, 1093, 1094, 1095, 1097, 1098, 1108, 1109, 1110, 1111, 1112, 1113, 1114, 1115, 1116, 1117, 1119, 1126, 1128, 1129, 1132, 1133, 1135, 1136, 1137, 1138, 1140, 1141, 1142, 1143, 1144, 1145, 1146, 1147, 1148, 1150, 1151, 1152, 1153, 1154, 1156, 1157, 1158, 1159, 1160, 1162, 1163, 1164, 1166, 1167, 1168, 1169, 1170, 1171, 1173, 1174, 1176, 1177, 1180, 1181, 1182, 1183, 1185, 1186, 1187, 1188, 1189, 1190, 1191, 1192, 1194, 1195, 1197, 1200, 1202, 1204, 1207, 1208, 1209, 1210, 1213, 1214, 1215, 1216, 1217, 1218, 1219, 1220, 1223, 1224, 1225, 1226, 1229, 1230, 1231, 1232, 1233, 1234, 1235, 1237, 1238, 1239, 1240, 1242, 1243, 1244, 1245, 1246, 1247, 1248, 1249, 1251, 1252, 1253, 1254, 1255, 1258, 1259, 1261, 1262, 1263, 1265, 1266, 1267, 1269, 1270, 1271, 1274, 1275, 1276, 1277, 1278, 1279, 1280, 1281, 1282, 1285, 1286, 1287, 1289, 1290, 1291, 1292, 1293, 1294, 1295, 1296, 1297, 1298, 1299, 1300, 1303, 1304, 1305, 1306, 1307, 1308, 1309, 1310, 1313, 1314, 1315, 1316, 1317, 1318, 1321, 1322, 1323, 1324, 1325, 1326, 1327, 1328, 1329, 1330, 1331, 1332, 1333, 1334, 1337, 1338, 1339, 1340, 1341, 1342, 1345, 1346, 1347, 1348, 1349, 1350, 1352, 1353, 1354, 1356, 1357, 1358, 1360, 1361, 1363, 1364, 1365, 1367, 1369, 1370, 1371, 1372, 1373, 1376, 1377, 1379, 1380, 1381, 1383, 1384, 1385, 1386, 1387, 1388, 1389, 1391, 1392, 1393, 1395, 1396, 1397, 1399, 1400, 1403, 1404, 1406, 1408, 1409, 1410, 1411, 1412, 1413, 1415, 1416, 1418, 1419, 1420, 1421, 1422, 1424, 1425, 1426, 1427, 1428, 1430, 1438, 1439, 1442, 1443, 1445, 1446, 1447, 1448, 1450, 1451, 1452, 1454, 1455, 1456, 1457, 1458, 1460, 1461, 1463, 1464, 1466, 1467, 1469, 1472, 1473, 1474, 1475, 1476, 1477, 1478, 1479, 1480, 1481, 1482, 1485, 1486, 1487, 1488, 1489, 1490, 1491, 1492, 1493, 1494, 1496, 1497, 1499, 1500, 1503, 1504, 1507, 1508, 1509, 1510, 1516, 1517, 1518, 1519, 1520, 1525, 1527, 1528, 1531, 1532, 1533, 1534, 1536, 1537, 1538, 1539, 1540, 1541, 1542, 1543, 1544, 1545, 1547, 1550, 1552, 1554, 1557, 1558, 1559, 1560, 1563, 1564, 1565, 1566, 1567, 1568, 1569, 1570, 1573, 1574, 1575, 1576, 1579, 1580, 1581, 1582, 1583, 1584, 1585, 1587, 1588, 1589, 1590, 1592, 1593, 1594, 1595, 1596, 1597, 1598, 1599, 1601, 1602, 1603, 1604, 1605, 1608, 1609, 1611, 1612, 1613, 1615, 1616, 1617, 1619, 1620, 1621, 1624, 1625, 1626, 1627, 1628, 1629, 1630, 1631, 1632, 1635, 1636, 1637, 1639, 1640, 1641, 1642, 1643, 1651, 1652, 1655, 1656, 1657, 1658, 1659, 1660, 1663, 1664, 1665, 1666, 1667, 1668, 1669, 1670, 1673, 1674, 1675, 1676, 1677, 1678, 1681, 1682, 1683, 1684, 1685, 1686, 1689, 1690, 1691, 1692, 1693, 1694, 1697, 1698, 1700, 1702, 1703, 1704, 1705, 1706, 1707, 1709, 1710, 1712, 1713, 1714, 1716, 1717, 1718, 1720, 1721, 1722, 1724, 1725, 1726, 1727, 1729, 1730, 1731, 1732, 1734, 1735, 1737, 1740, 1741, 1742, 1743, 1744, 1745, 1747, 1748, 1749, 1750, 1751, 1752, 1755, 1756, 1757, 1758, 1759, 1760, 1763, 1764, 1765, 1766, 1767, 1768, 1771, 1772, 1773, 1774, 1775, 1776, 1779, 1780, 1781, 1782, 1783, 1784, 1786, 1787, 1788, 1789, 1790, 1791, 1793, 1794, 1797, 1798, 1801, 1802, 1803, 1804, 1812, 1813, 1814, 1815, 1816, 1823, 1825, 1826, 1829, 1830, 1831, 1832, 1835, 1836, 1837, 1838, 1843, 1844, 1845, 1846, 1847, 1848, 1849, 1850, 1851, 1852, 1854, 1855, 1858, 1859, 1861, 1862, 1863, 1864, 1865, 1866, 1867, 1868, 1871, 1872, 1873, 1874, 1875, 1878, 1879, 1880, 1881, 1882, 1883, 1885, 1892, 1893, 1896, 1897, 1899, 1900, 1901, 1903, 1904, 1905, 1908, 1909, 1910, 1911, 1912, 1913, 1914, 1915, 1918, 1919, 1920, 1921, 1922, 1923, 1924, 1925, 1926, 1929, 1930, 1931, 1932, 1933, 1934, 1935, 1936, 1938, 1939, 1942, 1943, 1944, 1945, 1946, 1949, 1950, 1951, 1952, 1953, 1955, 1961, 1962, 1965, 1966, 1968, 1969, 1970, 1972, 1973, 1974, 1977, 1978, 1979, 1980, 1981, 1982, 1983, 1984, 1986, 1987, 1989, 1992, 1994, 1995, 1998, 1999, 2000, 2001, 2002, 2004, 2007, 2008, 2009, 2010, 2011, 2013, 2016, 2017, 2018, 2019, 2020, 2022, 2024, 2025, 2026, 2027, 2028, 2029, 2030], "excluded_lines": []}}}, "src/codeindex/cli/search.py": {"executed_lines": [], "summary": {"covered_lines": 0, "num_statements": 84, "percent_covered": 0.0, "percent_covered_display": "0", "missing_lines": 84, "excluded_lines": 0, "percent_statements_covered": 0.0, "percent_statements_covered_display": "0"}, "missing_lines": [7, 8, 9, 11, 13, 14, 15, 17, 20, 21, 22, 27, 33, 39, 44, 49, 50, 81, 82, 83, 86, 87, 88, 89, 90, 93, 94, 95, 96, 97, 98, 101, 102, 103, 104, 105, 106, 107, 109, 110, 118, 119, 124, 126, 133, 135, 136, 137, 138, 141, 156, 157, 158, 160, 161, 162, 163, 165, 167, 168, 169, 172, 173, 174, 177, 178, 179, 182, 183, 184, 185, 186, 187, 190, 191, 192, 193, 196, 197, 198, 199, 200, 202, 204], "excluded_lines": [], "functions": {"search_command": {"executed_lines": [], "summary": {"covered_lines": 0, "num_statements": 32, "percent_covered": 0.0, "percent_covered_display": "0", "missing_lines": 32, "excluded_lines": 0, "percent_statements_covered": 0.0, "percent_statements_covered_display": "0"}, "missing_lines": [81, 82, 83, 86, 87, 88, 89, 90, 93, 94, 95, 96, 97, 98, 101, 102, 103, 104, 105, 106, 107, 109, 110, 118, 119, 124, 126, 133, 135, 136, 137, 138], "excluded_lines": []}, "_print_search_results": {"executed_lines": [], "summary": {"covered_lines": 0, "num_statements": 34, "percent_covered": 0.0, "percent_covered_display": "0", "missing_lines": 34, "excluded_lines": 0, "percent_statements_covered": 0.0, "percent_statements_covered_display": "0"}, "missing_lines": [156, 157, 158, 160, 161, 162, 163, 165, 167, 168, 169, 172, 173, 174, 177, 178, 179, 182, 183, 184, 185, 186, 187, 190, 191, 192, 193, 196, 197, 198, 199, 200, 202, 204], "excluded_lines": []}, "": {"executed_lines": [], "summary": {"covered_lines": 0, "num_statements": 18, "percent_covered": 0.0, "percent_covered_display": "0", "missing_lines": 18, "excluded_lines": 0, "percent_statements_covered": 0.0, "percent_statements_covered_display": "0"}, "missing_lines": [7, 8, 9, 11, 13, 14, 15, 17, 20, 21, 22, 27, 33, 39, 44, 49, 50, 141], "excluded_lines": []}}, "classes": {"": {"executed_lines": [], "summary": {"covered_lines": 0, "num_statements": 84, "percent_covered": 0.0, "percent_covered_display": "0", "missing_lines": 84, "excluded_lines": 0, "percent_statements_covered": 0.0, "percent_statements_covered_display": "0"}, "missing_lines": [7, 8, 9, 11, 13, 14, 15, 17, 20, 21, 22, 27, 33, 39, 44, 49, 50, 81, 82, 83, 86, 87, 88, 89, 90, 93, 94, 95, 96, 97, 98, 101, 102, 103, 104, 105, 106, 107, 109, 110, 118, 119, 124, 126, 133, 135, 136, 137, 138, 141, 156, 157, 158, 160, 161, 162, 163, 165, 167, 168, 169, 172, 173, 174, 177, 178, 179, 182, 183, 184, 185, 186, 187, 190, 191, 192, 193, 196, 197, 198, 199, 200, 202, 204], "excluded_lines": []}}}, "src/codeindex/cli/status.py": {"executed_lines": [], "summary": {"covered_lines": 0, "num_statements": 186, "percent_covered": 0.0, "percent_covered_display": "0", "missing_lines": 186, "excluded_lines": 0, "percent_statements_covered": 0.0, "percent_statements_covered_display": "0"}, "missing_lines": [7, 8, 9, 10, 12, 14, 15, 16, 18, 21, 22, 27, 32, 33, 61, 62, 63, 66, 67, 69, 70, 71, 72, 73, 74, 76, 77, 78, 79, 80, 81, 82, 85, 86, 87, 88, 90, 93, 94, 95, 96, 99, 100, 102, 111, 118, 133, 136, 144, 145, 146, 147, 150, 151, 152, 153, 156, 157, 159, 160, 161, 162, 163, 164, 165, 168, 169, 170, 173, 174, 176, 179, 181, 182, 183, 185, 186, 187, 190, 191, 192, 195, 196, 197, 199, 200, 201, 202, 203, 206, 207, 208, 209, 211, 214, 215, 216, 219, 220, 221, 222, 223, 228, 229, 231, 232, 235, 237, 238, 239, 240, 241, 242, 243, 246, 247, 248, 249, 251, 252, 253, 254, 256, 257, 258, 260, 263, 264, 265, 266, 268, 269, 274, 275, 276, 278, 279, 281, 284, 286, 287, 288, 289, 290, 291, 292, 293, 294, 295, 296, 297, 298, 299, 300, 303, 305, 306, 308, 311, 313, 314, 315, 318, 321, 322, 323, 325, 326, 327, 328, 329, 331, 332, 333, 334, 335, 337, 339, 342, 344, 345, 346, 349, 351, 352, 353], "excluded_lines": [], "functions": {"status_command": {"executed_lines": [], "summary": {"covered_lines": 0, "num_statements": 30, "percent_covered": 0.0, "percent_covered_display": "0", "missing_lines": 30, "excluded_lines": 0, "percent_statements_covered": 0.0, "percent_statements_covered_display": "0"}, "missing_lines": [61, 62, 63, 66, 67, 69, 70, 71, 72, 73, 74, 76, 77, 78, 79, 80, 81, 82, 85, 86, 87, 88, 90, 93, 94, 95, 96, 99, 100, 102], "excluded_lines": []}, "_output_json": {"executed_lines": [], "summary": {"covered_lines": 0, "num_statements": 2, "percent_covered": 0.0, "percent_covered_display": "0", "missing_lines": 2, "excluded_lines": 0, "percent_statements_covered": 0.0, "percent_statements_covered_display": "0"}, "missing_lines": [118, 133], "excluded_lines": []}, "_output_text": {"executed_lines": [], "summary": {"covered_lines": 0, "num_statements": 23, "percent_covered": 0.0, "percent_covered_display": "0", "missing_lines": 23, "excluded_lines": 0, "percent_statements_covered": 0.0, "percent_statements_covered_display": "0"}, "missing_lines": [144, 145, 146, 147, 150, 151, 152, 153, 156, 157, 159, 160, 161, 162, 163, 164, 165, 168, 169, 170, 173, 174, 176], "excluded_lines": []}, "_show_overall_status": {"executed_lines": [], "summary": {"covered_lines": 0, "num_statements": 34, "percent_covered": 0.0, "percent_covered_display": "0", "missing_lines": 34, "excluded_lines": 0, "percent_statements_covered": 0.0, "percent_statements_covered_display": "0"}, "missing_lines": [181, 182, 183, 185, 186, 187, 190, 191, 192, 195, 196, 197, 199, 200, 201, 202, 203, 206, 207, 208, 209, 211, 214, 215, 216, 219, 220, 221, 222, 223, 228, 229, 231, 232], "excluded_lines": []}, "_show_project_status": {"executed_lines": [], "summary": {"covered_lines": 0, "num_statements": 31, "percent_covered": 0.0, "percent_covered_display": "0", "missing_lines": 31, "excluded_lines": 0, "percent_statements_covered": 0.0, "percent_statements_covered_display": "0"}, "missing_lines": [237, 238, 239, 240, 241, 242, 243, 246, 247, 248, 249, 251, 252, 253, 254, 256, 257, 258, 260, 263, 264, 265, 266, 268, 269, 274, 275, 276, 278, 279, 281], "excluded_lines": []}, "_show_empty_state": {"executed_lines": [], "summary": {"covered_lines": 0, "num_statements": 15, "percent_covered": 0.0, "percent_covered_display": "0", "missing_lines": 15, "excluded_lines": 0, "percent_statements_covered": 0.0, "percent_statements_covered_display": "0"}, "missing_lines": [286, 287, 288, 289, 290, 291, 292, 293, 294, 295, 296, 297, 298, 299, 300], "excluded_lines": []}, "_status_indicator": {"executed_lines": [], "summary": {"covered_lines": 0, "num_statements": 3, "percent_covered": 0.0, "percent_covered_display": "0", "missing_lines": 3, "excluded_lines": 0, "percent_statements_covered": 0.0, "percent_statements_covered_display": "0"}, "missing_lines": [305, 306, 308], "excluded_lines": []}, "_format_timestamp": {"executed_lines": [], "summary": {"covered_lines": 0, "num_statements": 23, "percent_covered": 0.0, "percent_covered_display": "0", "missing_lines": 23, "excluded_lines": 0, "percent_statements_covered": 0.0, "percent_statements_covered_display": "0"}, "missing_lines": [313, 314, 315, 318, 321, 322, 323, 325, 326, 327, 328, 329, 331, 332, 333, 334, 335, 337, 339, 342, 344, 345, 346], "excluded_lines": []}, "_create_bar": {"executed_lines": [], "summary": {"covered_lines": 0, "num_statements": 3, "percent_covered": 0.0, "percent_covered_display": "0", "missing_lines": 3, "excluded_lines": 0, "percent_statements_covered": 0.0, "percent_statements_covered_display": "0"}, "missing_lines": [351, 352, 353], "excluded_lines": []}, "": {"executed_lines": [], "summary": {"covered_lines": 0, "num_statements": 22, "percent_covered": 0.0, "percent_covered_display": "0", "missing_lines": 22, "excluded_lines": 0, "percent_statements_covered": 0.0, "percent_statements_covered_display": "0"}, "missing_lines": [7, 8, 9, 10, 12, 14, 15, 16, 18, 21, 22, 27, 32, 33, 111, 136, 179, 235, 284, 303, 311, 349], "excluded_lines": []}}, "classes": {"": {"executed_lines": [], "summary": {"covered_lines": 0, "num_statements": 186, "percent_covered": 0.0, "percent_covered_display": "0", "missing_lines": 186, "excluded_lines": 0, "percent_statements_covered": 0.0, "percent_statements_covered_display": "0"}, "missing_lines": [7, 8, 9, 10, 12, 14, 15, 16, 18, 21, 22, 27, 32, 33, 61, 62, 63, 66, 67, 69, 70, 71, 72, 73, 74, 76, 77, 78, 79, 80, 81, 82, 85, 86, 87, 88, 90, 93, 94, 95, 96, 99, 100, 102, 111, 118, 133, 136, 144, 145, 146, 147, 150, 151, 152, 153, 156, 157, 159, 160, 161, 162, 163, 164, 165, 168, 169, 170, 173, 174, 176, 179, 181, 182, 183, 185, 186, 187, 190, 191, 192, 195, 196, 197, 199, 200, 201, 202, 203, 206, 207, 208, 209, 211, 214, 215, 216, 219, 220, 221, 222, 223, 228, 229, 231, 232, 235, 237, 238, 239, 240, 241, 242, 243, 246, 247, 248, 249, 251, 252, 253, 254, 256, 257, 258, 260, 263, 264, 265, 266, 268, 269, 274, 275, 276, 278, 279, 281, 284, 286, 287, 288, 289, 290, 291, 292, 293, 294, 295, 296, 297, 298, 299, 300, 303, 305, 306, 308, 311, 313, 314, 315, 318, 321, 322, 323, 325, 326, 327, 328, 329, 331, 332, 333, 334, 335, 337, 339, 342, 344, 345, 346, 349, 351, 352, 353], "excluded_lines": []}}}, "src/codeindex/models/__init__.py": {"executed_lines": [1, 6, 7, 10, 11, 12, 13, 20, 21, 26, 27, 28, 29, 30, 31, 32, 33, 34, 35, 36, 37, 38, 39, 40, 43, 50, 51, 56, 57, 58, 59, 60, 61, 64, 71, 72, 77, 78, 79, 80, 81, 82, 83, 84, 87, 94, 95, 100, 101, 102, 103, 104, 105, 106, 107, 108, 109, 110, 111, 112, 115, 122, 123, 126, 127, 128, 129, 132, 139, 152, 165, 178, 191, 209], "summary": {"covered_lines": 68, "num_statements": 73, "percent_covered": 93.15068493150685, "percent_covered_display": "93", "missing_lines": 5, "excluded_lines": 0, "percent_statements_covered": 93.15068493150685, "percent_statements_covered_display": "93"}, "missing_lines": [149, 162, 175, 188, 202], "excluded_lines": [], "functions": {"is_valid_artifact_type": {"executed_lines": [], "summary": {"covered_lines": 0, "num_statements": 1, "percent_covered": 0.0, "percent_covered_display": "0", "missing_lines": 1, "excluded_lines": 0, "percent_statements_covered": 0.0, "percent_statements_covered_display": "0"}, "missing_lines": [149], "excluded_lines": []}, "is_valid_layer_tag": {"executed_lines": [], "summary": {"covered_lines": 0, "num_statements": 1, "percent_covered": 0.0, "percent_covered_display": "0", "missing_lines": 1, "excluded_lines": 0, "percent_statements_covered": 0.0, "percent_statements_covered_display": "0"}, "missing_lines": [162], "excluded_lines": []}, "is_valid_concern_tag": {"executed_lines": [], "summary": {"covered_lines": 0, "num_statements": 1, "percent_covered": 0.0, "percent_covered_display": "0", "missing_lines": 1, "excluded_lines": 0, "percent_statements_covered": 0.0, "percent_statements_covered_display": "0"}, "missing_lines": [175], "excluded_lines": []}, "is_valid_framework_tag": {"executed_lines": [], "summary": {"covered_lines": 0, "num_statements": 1, "percent_covered": 0.0, "percent_covered_display": "0", "missing_lines": 1, "excluded_lines": 0, "percent_statements_covered": 0.0, "percent_statements_covered_display": "0"}, "missing_lines": [188], "excluded_lines": []}, "normalize_artifact_type": {"executed_lines": [], "summary": {"covered_lines": 0, "num_statements": 1, "percent_covered": 0.0, "percent_covered_display": "0", "missing_lines": 1, "excluded_lines": 0, "percent_statements_covered": 0.0, "percent_statements_covered_display": "0"}, "missing_lines": [202], "excluded_lines": []}, "": {"executed_lines": [1, 6, 7, 10, 11, 12, 13, 20, 21, 26, 27, 28, 29, 30, 31, 32, 33, 34, 35, 36, 37, 38, 39, 40, 43, 50, 51, 56, 57, 58, 59, 60, 61, 64, 71, 72, 77, 78, 79, 80, 81, 82, 83, 84, 87, 94, 95, 100, 101, 102, 103, 104, 105, 106, 107, 108, 109, 110, 111, 112, 115, 122, 123, 126, 127, 128, 129, 132, 139, 152, 165, 178, 191, 209], "summary": {"covered_lines": 68, "num_statements": 68, "percent_covered": 100.0, "percent_covered_display": "100", "missing_lines": 0, "excluded_lines": 0, "percent_statements_covered": 100.0, "percent_statements_covered_display": "100"}, "missing_lines": [], "excluded_lines": []}}, "classes": {"ArtifactType": {"executed_lines": [], "summary": {"covered_lines": 0, "num_statements": 0, "percent_covered": 100.0, "percent_covered_display": "100", "missing_lines": 0, "excluded_lines": 0, "percent_statements_covered": 100.0, "percent_statements_covered_display": "100"}, "missing_lines": [], "excluded_lines": []}, "LayerTag": {"executed_lines": [], "summary": {"covered_lines": 0, "num_statements": 0, "percent_covered": 100.0, "percent_covered_display": "100", "missing_lines": 0, "excluded_lines": 0, "percent_statements_covered": 100.0, "percent_statements_covered_display": "100"}, "missing_lines": [], "excluded_lines": []}, "ConcernTag": {"executed_lines": [], "summary": {"covered_lines": 0, "num_statements": 0, "percent_covered": 100.0, "percent_covered_display": "100", "missing_lines": 0, "excluded_lines": 0, "percent_statements_covered": 100.0, "percent_statements_covered_display": "100"}, "missing_lines": [], "excluded_lines": []}, "FrameworkTag": {"executed_lines": [], "summary": {"covered_lines": 0, "num_statements": 0, "percent_covered": 100.0, "percent_covered_display": "100", "missing_lines": 0, "excluded_lines": 0, "percent_statements_covered": 100.0, "percent_statements_covered_display": "100"}, "missing_lines": [], "excluded_lines": []}, "PackagingType": {"executed_lines": [], "summary": {"covered_lines": 0, "num_statements": 0, "percent_covered": 100.0, "percent_covered_display": "100", "missing_lines": 0, "excluded_lines": 0, "percent_statements_covered": 100.0, "percent_statements_covered_display": "100"}, "missing_lines": [], "excluded_lines": []}, "": {"executed_lines": [1, 6, 7, 10, 11, 12, 13, 20, 21, 26, 27, 28, 29, 30, 31, 32, 33, 34, 35, 36, 37, 38, 39, 40, 43, 50, 51, 56, 57, 58, 59, 60, 61, 64, 71, 72, 77, 78, 79, 80, 81, 82, 83, 84, 87, 94, 95, 100, 101, 102, 103, 104, 105, 106, 107, 108, 109, 110, 111, 112, 115, 122, 123, 126, 127, 128, 129, 132, 139, 152, 165, 178, 191, 209], "summary": {"covered_lines": 68, "num_statements": 73, "percent_covered": 93.15068493150685, "percent_covered_display": "93", "missing_lines": 5, "excluded_lines": 0, "percent_statements_covered": 93.15068493150685, "percent_statements_covered_display": "93"}, "missing_lines": [149, 162, 175, 188, 202], "excluded_lines": []}}}, "src/codeindex/models/artifact.py": {"executed_lines": [1, 6, 7, 8, 9, 12, 13, 14, 22, 23, 26, 27, 28, 29, 32, 33, 36, 37, 38, 41, 42, 45, 48, 49, 52, 55, 56, 58, 84, 85, 89, 90, 94, 123, 124], "summary": {"covered_lines": 33, "num_statements": 61, "percent_covered": 54.09836065573771, "percent_covered_display": "54", "missing_lines": 28, "excluded_lines": 0, "percent_statements_covered": 54.09836065573771, "percent_statements_covered_display": "54"}, "missing_lines": [61, 62, 63, 64, 65, 66, 67, 68, 71, 72, 73, 74, 75, 76, 77, 80, 81, 82, 87, 92, 101, 135, 136, 137, 140, 141, 142, 144], "excluded_lines": [], "functions": {"CodeArtifact.__post_init__": {"executed_lines": [], "summary": {"covered_lines": 0, "num_statements": 18, "percent_covered": 0.0, "percent_covered_display": "0", "missing_lines": 18, "excluded_lines": 0, "percent_statements_covered": 0.0, "percent_statements_covered_display": "0"}, "missing_lines": [61, 62, 63, 64, 65, 66, 67, 68, 71, 72, 73, 74, 75, 76, 77, 80, 81, 82], "excluded_lines": []}, "CodeArtifact.is_chunked": {"executed_lines": [], "summary": {"covered_lines": 0, "num_statements": 1, "percent_covered": 0.0, "percent_covered_display": "0", "missing_lines": 1, "excluded_lines": 0, "percent_statements_covered": 0.0, "percent_statements_covered_display": "0"}, "missing_lines": [87], "excluded_lines": []}, "CodeArtifact.full_path": {"executed_lines": [], "summary": {"covered_lines": 0, "num_statements": 1, "percent_covered": 0.0, "percent_covered_display": "0", "missing_lines": 1, "excluded_lines": 0, "percent_statements_covered": 0.0, "percent_statements_covered_display": "0"}, "missing_lines": [92], "excluded_lines": []}, "CodeArtifact.to_dict": {"executed_lines": [], "summary": {"covered_lines": 0, "num_statements": 1, "percent_covered": 0.0, "percent_covered_display": "0", "missing_lines": 1, "excluded_lines": 0, "percent_statements_covered": 0.0, "percent_statements_covered_display": "0"}, "missing_lines": [101], "excluded_lines": []}, "CodeArtifact.from_dict": {"executed_lines": [], "summary": {"covered_lines": 0, "num_statements": 7, "percent_covered": 0.0, "percent_covered_display": "0", "missing_lines": 7, "excluded_lines": 0, "percent_statements_covered": 0.0, "percent_statements_covered_display": "0"}, "missing_lines": [135, 136, 137, 140, 141, 142, 144], "excluded_lines": []}, "": {"executed_lines": [1, 6, 7, 8, 9, 12, 13, 14, 22, 23, 26, 27, 28, 29, 32, 33, 36, 37, 38, 41, 42, 45, 48, 49, 52, 55, 56, 58, 84, 85, 89, 90, 94, 123, 124], "summary": {"covered_lines": 33, "num_statements": 33, "percent_covered": 100.0, "percent_covered_display": "100", "missing_lines": 0, "excluded_lines": 0, "percent_statements_covered": 100.0, "percent_statements_covered_display": "100"}, "missing_lines": [], "excluded_lines": []}}, "classes": {"CodeArtifact": {"executed_lines": [], "summary": {"covered_lines": 0, "num_statements": 28, "percent_covered": 0.0, "percent_covered_display": "0", "missing_lines": 28, "excluded_lines": 0, "percent_statements_covered": 0.0, "percent_statements_covered_display": "0"}, "missing_lines": [61, 62, 63, 64, 65, 66, 67, 68, 71, 72, 73, 74, 75, 76, 77, 80, 81, 82, 87, 92, 101, 135, 136, 137, 140, 141, 142, 144], "excluded_lines": []}, "": {"executed_lines": [1, 6, 7, 8, 9, 12, 13, 14, 22, 23, 26, 27, 28, 29, 32, 33, 36, 37, 38, 41, 42, 45, 48, 49, 52, 55, 56, 58, 84, 85, 89, 90, 94, 123, 124], "summary": {"covered_lines": 33, "num_statements": 33, "percent_covered": 100.0, "percent_covered_display": "100", "missing_lines": 0, "excluded_lines": 0, "percent_statements_covered": 100.0, "percent_statements_covered_display": "100"}, "missing_lines": [], "excluded_lines": []}}}, "src/codeindex/models/extraction.py": {"executed_lines": [1, 6, 7, 8, 10, 14, 15, 16, 23, 24, 25, 28, 29, 32, 33, 34, 35, 36, 37, 40, 41, 42, 44, 47, 50, 51, 52, 53, 54, 55, 58, 62, 71, 80, 89, 104, 112, 114, 131, 132, 144, 145, 180, 192], "summary": {"covered_lines": 41, "num_statements": 58, "percent_covered": 70.6896551724138, "percent_covered_display": "71", "missing_lines": 17, "excluded_lines": 2, "percent_statements_covered": 70.6896551724138, "percent_statements_covered_display": "71"}, "missing_lines": [59, 60, 69, 78, 87, 96, 97, 98, 100, 101, 102, 142, 169, 190, 203, 204, 205], "excluded_lines": [10, 11], "functions": {"ExtractionResult.__post_init__": {"executed_lines": [47, 50, 51, 52, 53, 54, 55, 58], "summary": {"covered_lines": 8, "num_statements": 10, "percent_covered": 80.0, "percent_covered_display": "80", "missing_lines": 2, "excluded_lines": 0, "percent_statements_covered": 80.0, "percent_statements_covered_display": "80"}, "missing_lines": [59, 60], "excluded_lines": []}, "ExtractionResult.get_layer_tags": {"executed_lines": [], "summary": {"covered_lines": 0, "num_statements": 1, "percent_covered": 0.0, "percent_covered_display": "0", "missing_lines": 1, "excluded_lines": 0, "percent_statements_covered": 0.0, "percent_statements_covered_display": "0"}, "missing_lines": [69], "excluded_lines": []}, "ExtractionResult.get_domain_tags": {"executed_lines": [], "summary": {"covered_lines": 0, "num_statements": 1, "percent_covered": 0.0, "percent_covered_display": "0", "missing_lines": 1, "excluded_lines": 0, "percent_statements_covered": 0.0, "percent_statements_covered_display": "0"}, "missing_lines": [78], "excluded_lines": []}, "ExtractionResult.get_concern_tags": {"executed_lines": [], "summary": {"covered_lines": 0, "num_statements": 1, "percent_covered": 0.0, "percent_covered_display": "0", "missing_lines": 1, "excluded_lines": 0, "percent_statements_covered": 0.0, "percent_statements_covered_display": "0"}, "missing_lines": [87], "excluded_lines": []}, "ExtractionResult.merge_tags": {"executed_lines": [], "summary": {"covered_lines": 0, "num_statements": 6, "percent_covered": 0.0, "percent_covered_display": "0", "missing_lines": 6, "excluded_lines": 0, "percent_statements_covered": 0.0, "percent_statements_covered_display": "0"}, "missing_lines": [96, 97, 98, 100, 101, 102], "excluded_lines": []}, "ExtractionResult.to_dict": {"executed_lines": [112, 114], "summary": {"covered_lines": 2, "num_statements": 2, "percent_covered": 100.0, "percent_covered_display": "100", "missing_lines": 0, "excluded_lines": 0, "percent_statements_covered": 100.0, "percent_statements_covered_display": "100"}, "missing_lines": [], "excluded_lines": []}, "ExtractionResult.from_dict": {"executed_lines": [], "summary": {"covered_lines": 0, "num_statements": 1, "percent_covered": 0.0, "percent_covered_display": "0", "missing_lines": 1, "excluded_lines": 0, "percent_statements_covered": 0.0, "percent_statements_covered_display": "0"}, "missing_lines": [142], "excluded_lines": []}, "ExtractionResult.from_ollama_response": {"executed_lines": [], "summary": {"covered_lines": 0, "num_statements": 1, "percent_covered": 0.0, "percent_covered_display": "0", "missing_lines": 1, "excluded_lines": 0, "percent_statements_covered": 0.0, "percent_statements_covered_display": "0"}, "missing_lines": [169], "excluded_lines": []}, "ExtractionResult.validate_classification": {"executed_lines": [], "summary": {"covered_lines": 0, "num_statements": 1, "percent_covered": 0.0, "percent_covered_display": "0", "missing_lines": 1, "excluded_lines": 0, "percent_statements_covered": 0.0, "percent_statements_covered_display": "0"}, "missing_lines": [190], "excluded_lines": []}, "ExtractionResult.normalize_classification": {"executed_lines": [], "summary": {"covered_lines": 0, "num_statements": 3, "percent_covered": 0.0, "percent_covered_display": "0", "missing_lines": 3, "excluded_lines": 0, "percent_statements_covered": 0.0, "percent_statements_covered_display": "0"}, "missing_lines": [203, 204, 205], "excluded_lines": []}, "": {"executed_lines": [1, 6, 7, 8, 10, 14, 15, 16, 23, 24, 25, 28, 29, 32, 33, 34, 35, 36, 37, 40, 41, 42, 44, 62, 71, 80, 89, 104, 131, 132, 144, 145, 180, 192], "summary": {"covered_lines": 31, "num_statements": 31, "percent_covered": 100.0, "percent_covered_display": "100", "missing_lines": 0, "excluded_lines": 2, "percent_statements_covered": 100.0, "percent_statements_covered_display": "100"}, "missing_lines": [], "excluded_lines": [10, 11]}}, "classes": {"ExtractionResult": {"executed_lines": [47, 50, 51, 52, 53, 54, 55, 58, 112, 114], "summary": {"covered_lines": 10, "num_statements": 27, "percent_covered": 37.03703703703704, "percent_covered_display": "37", "missing_lines": 17, "excluded_lines": 0, "percent_statements_covered": 37.03703703703704, "percent_statements_covered_display": "37"}, "missing_lines": [59, 60, 69, 78, 87, 96, 97, 98, 100, 101, 102, 142, 169, 190, 203, 204, 205], "excluded_lines": []}, "": {"executed_lines": [1, 6, 7, 8, 10, 14, 15, 16, 23, 24, 25, 28, 29, 32, 33, 34, 35, 36, 37, 40, 41, 42, 44, 62, 71, 80, 89, 104, 131, 132, 144, 145, 180, 192], "summary": {"covered_lines": 31, "num_statements": 31, "percent_covered": 100.0, "percent_covered_display": "100", "missing_lines": 0, "excluded_lines": 2, "percent_statements_covered": 100.0, "percent_statements_covered_display": "100"}, "missing_lines": [], "excluded_lines": [10, 11]}}}, "src/codeindex/models/inventory.py": {"executed_lines": [1, 6, 7, 8, 9, 10, 13, 14, 15, 23, 24, 27, 28, 29, 30, 32, 41, 52, 68, 69, 85, 92, 94, 96, 103, 106, 107, 109, 110, 139, 154], "summary": {"covered_lines": 29, "num_statements": 53, "percent_covered": 54.716981132075475, "percent_covered_display": "55", "missing_lines": 24, "excluded_lines": 0, "percent_statements_covered": 54.716981132075475, "percent_statements_covered_display": "55"}, "missing_lines": [39, 49, 50, 59, 80, 81, 83, 120, 122, 125, 126, 127, 128, 130, 149, 150, 151, 152, 161, 168, 169, 170, 171, 173], "excluded_lines": [], "functions": {"DiscoveryInventory.add_project": {"executed_lines": [], "summary": {"covered_lines": 0, "num_statements": 1, "percent_covered": 0.0, "percent_covered_display": "0", "missing_lines": 1, "excluded_lines": 0, "percent_statements_covered": 0.0, "percent_statements_covered_display": "0"}, "missing_lines": [39], "excluded_lines": []}, "DiscoveryInventory.update_file_counts": {"executed_lines": [], "summary": {"covered_lines": 0, "num_statements": 2, "percent_covered": 0.0, "percent_covered_display": "0", "missing_lines": 2, "excluded_lines": 0, "percent_statements_covered": 0.0, "percent_statements_covered_display": "0"}, "missing_lines": [49, 50], "excluded_lines": []}, "DiscoveryInventory.to_dict": {"executed_lines": [], "summary": {"covered_lines": 0, "num_statements": 1, "percent_covered": 0.0, "percent_covered_display": "0", "missing_lines": 1, "excluded_lines": 0, "percent_statements_covered": 0.0, "percent_statements_covered_display": "0"}, "missing_lines": [59], "excluded_lines": []}, "DiscoveryInventory.from_dict": {"executed_lines": [], "summary": {"covered_lines": 0, "num_statements": 3, "percent_covered": 0.0, "percent_covered_display": "0", "missing_lines": 3, "excluded_lines": 0, "percent_statements_covered": 0.0, "percent_statements_covered_display": "0"}, "missing_lines": [80, 81, 83], "excluded_lines": []}, "DiscoveryInventory.save_jsonl": {"executed_lines": [92, 94, 96, 103, 106, 107], "summary": {"covered_lines": 6, "num_statements": 6, "percent_covered": 100.0, "percent_covered_display": "100", "missing_lines": 0, "excluded_lines": 0, "percent_statements_covered": 100.0, "percent_statements_covered_display": "100"}, "missing_lines": [], "excluded_lines": []}, "DiscoveryInventory.load_jsonl": {"executed_lines": [], "summary": {"covered_lines": 0, "num_statements": 7, "percent_covered": 0.0, "percent_covered_display": "0", "missing_lines": 7, "excluded_lines": 0, "percent_statements_covered": 0.0, "percent_statements_covered_display": "0"}, "missing_lines": [120, 122, 125, 126, 127, 128, 130], "excluded_lines": []}, "DiscoveryInventory.get_project_by_id": {"executed_lines": [], "summary": {"covered_lines": 0, "num_statements": 4, "percent_covered": 0.0, "percent_covered_display": "0", "missing_lines": 4, "excluded_lines": 0, "percent_statements_covered": 0.0, "percent_statements_covered_display": "0"}, "missing_lines": [149, 150, 151, 152], "excluded_lines": []}, "DiscoveryInventory.summary_text": {"executed_lines": [], "summary": {"covered_lines": 0, "num_statements": 6, "percent_covered": 0.0, "percent_covered_display": "0", "missing_lines": 6, "excluded_lines": 0, "percent_statements_covered": 0.0, "percent_statements_covered_display": "0"}, "missing_lines": [161, 168, 169, 170, 171, 173], "excluded_lines": []}, "": {"executed_lines": [1, 6, 7, 8, 9, 10, 13, 14, 15, 23, 24, 27, 28, 29, 30, 32, 41, 52, 68, 69, 85, 109, 110, 139, 154], "summary": {"covered_lines": 23, "num_statements": 23, "percent_covered": 100.0, "percent_covered_display": "100", "missing_lines": 0, "excluded_lines": 0, "percent_statements_covered": 100.0, "percent_statements_covered_display": "100"}, "missing_lines": [], "excluded_lines": []}}, "classes": {"DiscoveryInventory": {"executed_lines": [92, 94, 96, 103, 106, 107], "summary": {"covered_lines": 6, "num_statements": 30, "percent_covered": 20.0, "percent_covered_display": "20", "missing_lines": 24, "excluded_lines": 0, "percent_statements_covered": 20.0, "percent_statements_covered_display": "20"}, "missing_lines": [39, 49, 50, 59, 80, 81, 83, 120, 122, 125, 126, 127, 128, 130, 149, 150, 151, 152, 161, 168, 169, 170, 171, 173], "excluded_lines": []}, "": {"executed_lines": [1, 6, 7, 8, 9, 10, 13, 14, 15, 23, 24, 27, 28, 29, 30, 32, 41, 52, 68, 69, 85, 109, 110, 139, 154], "summary": {"covered_lines": 23, "num_statements": 23, "percent_covered": 100.0, "percent_covered_display": "100", "missing_lines": 0, "excluded_lines": 0, "percent_statements_covered": 100.0, "percent_statements_covered_display": "100"}, "missing_lines": [], "excluded_lines": []}}}, "src/codeindex/models/prd.py": {"executed_lines": [1, 7, 8, 9, 10, 17, 18, 19, 20, 21, 22, 23, 26, 27, 28, 29, 30, 31, 34, 35, 36, 37, 38, 39, 42, 43, 44, 45, 46, 47, 48, 49, 52, 53, 54, 55, 56, 57, 60, 61, 62, 63, 64, 65, 68, 69, 70, 71, 72, 73, 76, 77, 78, 79, 80, 81, 82, 83, 86, 87, 88, 89, 90, 91, 92, 93, 94, 97, 98, 99, 100, 101, 102, 103, 106, 107, 108, 109, 110, 111, 112, 113, 114, 115, 118, 119, 120, 121, 122, 123, 124, 131, 132, 133, 134, 135, 136, 137, 138, 140, 142, 150, 151, 153, 156, 157, 158, 159, 160, 161, 162, 163, 165, 175, 176, 181, 182, 183, 184, 185, 186, 187, 189, 191, 198, 199, 204, 205, 206, 207, 208, 209, 211, 219, 220, 225, 226, 227, 228, 229, 230, 231, 232, 234, 244, 245, 250, 251, 252, 253, 254, 255, 257, 259, 265, 266, 268, 271, 272, 273, 274, 275, 276, 277, 278, 279, 280, 281, 283, 285, 296, 297, 299, 300, 301, 304, 305, 306, 307, 308, 309, 311, 313, 319, 320, 325, 326, 327, 328, 329, 330, 331, 332, 334, 336, 344, 345, 350, 351, 352, 353, 354, 355, 356, 357, 358, 360, 371, 372, 377, 378, 379, 380, 381, 382, 384, 392, 393, 398, 399, 400, 401, 402, 403, 404, 406, 415, 416, 423, 424, 425, 426, 427, 428, 429, 431, 440, 441, 448, 449, 450, 451, 452, 453, 454, 455, 456, 457, 458, 459, 460, 462, 464, 477, 478, 480, 483, 484, 485, 486, 487, 488, 489, 491, 493, 500, 501, 506, 507, 508, 509, 510, 511, 512, 514, 516, 523, 524, 529, 530, 531, 532, 533, 534, 536, 538, 544, 545, 547, 550, 551, 552, 553, 554, 555, 556, 557, 558, 560, 562, 571, 572, 574, 577, 578, 579, 580, 581, 582, 584, 592, 593, 602, 603, 604, 611, 612, 613, 614, 615, 616, 619, 620, 621, 622, 623, 624, 625, 626, 627, 629, 631, 632, 633, 635, 637, 638, 641, 642, 643, 644, 647, 651, 653, 671, 672, 675, 676, 677, 678, 679, 680, 681, 682, 685, 686, 689, 690, 692, 695, 696, 697, 704, 705, 706, 707, 708, 709, 710, 711, 714, 715, 716, 717, 718, 719, 720, 722, 724, 726, 728, 730, 733, 735, 753, 754, 757, 758, 763, 764, 765, 766, 767, 768, 769, 773, 774, 776, 779, 780, 781, 787, 788, 789, 790, 791, 792, 793, 794, 797, 798, 799, 800, 801, 802, 803, 804, 806, 808, 809, 810, 812, 814, 816, 817, 819, 821, 840, 841, 844, 845, 846, 847, 848, 849, 852, 853, 856, 857, 859, 862, 863, 864, 870, 871, 872, 873, 874, 875, 876, 879, 880, 881, 882, 883, 884, 885, 886, 887, 889, 891, 893, 895, 897, 899, 902, 904, 923, 924, 927, 929, 933, 934, 937, 938, 940, 943, 944, 945, 951, 952, 953, 954, 955, 956, 959, 960, 961, 962, 963, 964, 965, 966, 967, 968, 970, 972, 973, 974, 976, 978, 979, 981, 983, 1002, 1003, 1006, 1007, 1010, 1011, 1014, 1015, 1017, 1020, 1021, 1022, 1028, 1029, 1030, 1031, 1032, 1035, 1036, 1037, 1038, 1039, 1040, 1041, 1042, 1043, 1044, 1045, 1047, 1049, 1051, 1053, 1056, 1058, 1077, 1078, 1081, 1082, 1083, 1084, 1085, 1086, 1089, 1090, 1093, 1094, 1096, 1099, 1100, 1101, 1107, 1108, 1109, 1110, 1111, 1112, 1115, 1116, 1117, 1118, 1119, 1120, 1122, 1124, 1126, 1128, 1130, 1133, 1135, 1150, 1151, 1154, 1155, 1156, 1157, 1158, 1159, 1162, 1163, 1166, 1167, 1169, 1172, 1173, 1174, 1180, 1181, 1182, 1183, 1184, 1187, 1188, 1189, 1190, 1192, 1194, 1196, 1198, 1201, 1203, 1215, 1216, 1219, 1220, 1221, 1222, 1225, 1226, 1228], "summary": {"covered_lines": 573, "num_statements": 629, "percent_covered": 91.09697933227345, "percent_covered_display": "91", "missing_lines": 56, "excluded_lines": 0, "percent_statements_covered": 91.09697933227345, "percent_statements_covered_display": "91"}, "missing_lines": [167, 178, 201, 213, 222, 236, 247, 322, 347, 362, 374, 386, 395, 408, 418, 419, 420, 433, 443, 444, 445, 503, 526, 586, 595, 634, 636, 648, 649, 725, 727, 729, 731, 770, 811, 813, 815, 892, 894, 896, 898, 900, 928, 930, 975, 977, 1050, 1052, 1054, 1125, 1127, 1129, 1131, 1195, 1197, 1199], "excluded_lines": [], "functions": {"Column.to_dict": {"executed_lines": [142], "summary": {"covered_lines": 1, "num_statements": 1, "percent_covered": 100.0, "percent_covered_display": "100", "missing_lines": 0, "excluded_lines": 0, "percent_statements_covered": 100.0, "percent_statements_covered_display": "100"}, "missing_lines": [], "excluded_lines": []}, "Column.from_dict": {"executed_lines": [153], "summary": {"covered_lines": 1, "num_statements": 1, "percent_covered": 100.0, "percent_covered_display": "100", "missing_lines": 0, "excluded_lines": 0, "percent_statements_covered": 100.0, "percent_statements_covered_display": "100"}, "missing_lines": [], "excluded_lines": []}, "ForeignKey.to_dict": {"executed_lines": [], "summary": {"covered_lines": 0, "num_statements": 1, "percent_covered": 0.0, "percent_covered_display": "0", "missing_lines": 1, "excluded_lines": 0, "percent_statements_covered": 0.0, "percent_statements_covered_display": "0"}, "missing_lines": [167], "excluded_lines": []}, "ForeignKey.from_dict": {"executed_lines": [], "summary": {"covered_lines": 0, "num_statements": 1, "percent_covered": 0.0, "percent_covered_display": "0", "missing_lines": 1, "excluded_lines": 0, "percent_statements_covered": 0.0, "percent_statements_covered_display": "0"}, "missing_lines": [178], "excluded_lines": []}, "Index.to_dict": {"executed_lines": [191], "summary": {"covered_lines": 1, "num_statements": 1, "percent_covered": 100.0, "percent_covered_display": "100", "missing_lines": 0, "excluded_lines": 0, "percent_statements_covered": 100.0, "percent_statements_covered_display": "100"}, "missing_lines": [], "excluded_lines": []}, "Index.from_dict": {"executed_lines": [], "summary": {"covered_lines": 0, "num_statements": 1, "percent_covered": 0.0, "percent_covered_display": "0", "missing_lines": 1, "excluded_lines": 0, "percent_statements_covered": 0.0, "percent_statements_covered_display": "0"}, "missing_lines": [201], "excluded_lines": []}, "Constraint.to_dict": {"executed_lines": [], "summary": {"covered_lines": 0, "num_statements": 1, "percent_covered": 0.0, "percent_covered_display": "0", "missing_lines": 1, "excluded_lines": 0, "percent_statements_covered": 0.0, "percent_statements_covered_display": "0"}, "missing_lines": [213], "excluded_lines": []}, "Constraint.from_dict": {"executed_lines": [], "summary": {"covered_lines": 0, "num_statements": 1, "percent_covered": 0.0, "percent_covered_display": "0", "missing_lines": 1, "excluded_lines": 0, "percent_statements_covered": 0.0, "percent_statements_covered_display": "0"}, "missing_lines": [222], "excluded_lines": []}, "CodeSnippet.to_dict": {"executed_lines": [], "summary": {"covered_lines": 0, "num_statements": 1, "percent_covered": 0.0, "percent_covered_display": "0", "missing_lines": 1, "excluded_lines": 0, "percent_statements_covered": 0.0, "percent_statements_covered_display": "0"}, "missing_lines": [236], "excluded_lines": []}, "CodeSnippet.from_dict": {"executed_lines": [], "summary": {"covered_lines": 0, "num_statements": 1, "percent_covered": 0.0, "percent_covered_display": "0", "missing_lines": 1, "excluded_lines": 0, "percent_statements_covered": 0.0, "percent_statements_covered_display": "0"}, "missing_lines": [247], "excluded_lines": []}, "Parameter.to_dict": {"executed_lines": [259], "summary": {"covered_lines": 1, "num_statements": 1, "percent_covered": 100.0, "percent_covered_display": "100", "missing_lines": 0, "excluded_lines": 0, "percent_statements_covered": 100.0, "percent_statements_covered_display": "100"}, "missing_lines": [], "excluded_lines": []}, "Parameter.from_dict": {"executed_lines": [268], "summary": {"covered_lines": 1, "num_statements": 1, "percent_covered": 100.0, "percent_covered_display": "100", "missing_lines": 0, "excluded_lines": 0, "percent_statements_covered": 100.0, "percent_statements_covered_display": "100"}, "missing_lines": [], "excluded_lines": []}, "ServiceOperation.to_dict": {"executed_lines": [285], "summary": {"covered_lines": 1, "num_statements": 1, "percent_covered": 100.0, "percent_covered_display": "100", "missing_lines": 0, "excluded_lines": 0, "percent_statements_covered": 100.0, "percent_statements_covered_display": "100"}, "missing_lines": [], "excluded_lines": []}, "ServiceOperation.from_dict": {"executed_lines": [299, 300, 301], "summary": {"covered_lines": 3, "num_statements": 3, "percent_covered": 100.0, "percent_covered_display": "100", "missing_lines": 0, "excluded_lines": 0, "percent_statements_covered": 100.0, "percent_statements_covered_display": "100"}, "missing_lines": [], "excluded_lines": []}, "ServiceDependency.to_dict": {"executed_lines": [313], "summary": {"covered_lines": 1, "num_statements": 1, "percent_covered": 100.0, "percent_covered_display": "100", "missing_lines": 0, "excluded_lines": 0, "percent_statements_covered": 100.0, "percent_statements_covered_display": "100"}, "missing_lines": [], "excluded_lines": []}, "ServiceDependency.from_dict": {"executed_lines": [], "summary": {"covered_lines": 0, "num_statements": 1, "percent_covered": 0.0, "percent_covered_display": "0", "missing_lines": 1, "excluded_lines": 0, "percent_statements_covered": 0.0, "percent_statements_covered_display": "0"}, "missing_lines": [322], "excluded_lines": []}, "TransactionInfo.to_dict": {"executed_lines": [336], "summary": {"covered_lines": 1, "num_statements": 1, "percent_covered": 100.0, "percent_covered_display": "100", "missing_lines": 0, "excluded_lines": 0, "percent_statements_covered": 100.0, "percent_statements_covered_display": "100"}, "missing_lines": [], "excluded_lines": []}, "TransactionInfo.from_dict": {"executed_lines": [], "summary": {"covered_lines": 0, "num_statements": 1, "percent_covered": 0.0, "percent_covered_display": "0", "missing_lines": 1, "excluded_lines": 0, "percent_statements_covered": 0.0, "percent_statements_covered_display": "0"}, "missing_lines": [347], "excluded_lines": []}, "EndpointParameter.to_dict": {"executed_lines": [], "summary": {"covered_lines": 0, "num_statements": 1, "percent_covered": 0.0, "percent_covered_display": "0", "missing_lines": 1, "excluded_lines": 0, "percent_statements_covered": 0.0, "percent_statements_covered_display": "0"}, "missing_lines": [362], "excluded_lines": []}, "EndpointParameter.from_dict": {"executed_lines": [], "summary": {"covered_lines": 0, "num_statements": 1, "percent_covered": 0.0, "percent_covered_display": "0", "missing_lines": 1, "excluded_lines": 0, "percent_statements_covered": 0.0, "percent_statements_covered_display": "0"}, "missing_lines": [374], "excluded_lines": []}, "StatusCode.to_dict": {"executed_lines": [], "summary": {"covered_lines": 0, "num_statements": 1, "percent_covered": 0.0, "percent_covered_display": "0", "missing_lines": 1, "excluded_lines": 0, "percent_statements_covered": 0.0, "percent_statements_covered_display": "0"}, "missing_lines": [386], "excluded_lines": []}, "StatusCode.from_dict": {"executed_lines": [], "summary": {"covered_lines": 0, "num_statements": 1, "percent_covered": 0.0, "percent_covered_display": "0", "missing_lines": 1, "excluded_lines": 0, "percent_statements_covered": 0.0, "percent_statements_covered_display": "0"}, "missing_lines": [395], "excluded_lines": []}, "RequestFormat.to_dict": {"executed_lines": [], "summary": {"covered_lines": 0, "num_statements": 1, "percent_covered": 0.0, "percent_covered_display": "0", "missing_lines": 1, "excluded_lines": 0, "percent_statements_covered": 0.0, "percent_statements_covered_display": "0"}, "missing_lines": [408], "excluded_lines": []}, "RequestFormat.from_dict": {"executed_lines": [], "summary": {"covered_lines": 0, "num_statements": 3, "percent_covered": 0.0, "percent_covered_display": "0", "missing_lines": 3, "excluded_lines": 0, "percent_statements_covered": 0.0, "percent_statements_covered_display": "0"}, "missing_lines": [418, 419, 420], "excluded_lines": []}, "ResponseFormat.to_dict": {"executed_lines": [], "summary": {"covered_lines": 0, "num_statements": 1, "percent_covered": 0.0, "percent_covered_display": "0", "missing_lines": 1, "excluded_lines": 0, "percent_statements_covered": 0.0, "percent_statements_covered_display": "0"}, "missing_lines": [433], "excluded_lines": []}, "ResponseFormat.from_dict": {"executed_lines": [], "summary": {"covered_lines": 0, "num_statements": 3, "percent_covered": 0.0, "percent_covered_display": "0", "missing_lines": 3, "excluded_lines": 0, "percent_statements_covered": 0.0, "percent_statements_covered_display": "0"}, "missing_lines": [443, 444, 445], "excluded_lines": []}, "FormField.to_dict": {"executed_lines": [464], "summary": {"covered_lines": 1, "num_statements": 1, "percent_covered": 100.0, "percent_covered_display": "100", "missing_lines": 0, "excluded_lines": 0, "percent_statements_covered": 100.0, "percent_statements_covered_display": "100"}, "missing_lines": [], "excluded_lines": []}, "FormField.from_dict": {"executed_lines": [480], "summary": {"covered_lines": 1, "num_statements": 1, "percent_covered": 100.0, "percent_covered_display": "100", "missing_lines": 0, "excluded_lines": 0, "percent_statements_covered": 100.0, "percent_statements_covered_display": "100"}, "missing_lines": [], "excluded_lines": []}, "Event.to_dict": {"executed_lines": [493], "summary": {"covered_lines": 1, "num_statements": 1, "percent_covered": 100.0, "percent_covered_display": "100", "missing_lines": 0, "excluded_lines": 0, "percent_statements_covered": 100.0, "percent_stateme
[...]
ements_covered_display": "100"}, "missing_lines": [], "excluded_lines": []}, "MvpBindingType": {"executed_lines": [], "summary": {"covered_lines": 0, "num_statements": 0, "percent_covered": 100.0, "percent_covered_display": "100", "missing_lines": 0, "excluded_lines": 0, "percent_statements_covered": 100.0, "percent_statements_covered_display": "100"}, "missing_lines": [], "excluded_lines": []}, "": {"executed_lines": [1, 13, 14, 15, 16, 17, 20, 23, 24, 25, 26, 27, 28, 29, 30, 33, 34, 35, 36, 37, 44, 60, 62, 63, 64, 65, 66, 69, 72, 82, 85, 95, 98, 108, 111, 121, 124, 136, 140, 151, 154, 164, 166, 168, 170, 172, 174, 177, 184, 230, 275, 288, 301, 314, 329, 348, 349, 352], "summary": {"covered_lines": 55, "num_statements": 118, "percent_covered": 46.610169491525426, "percent_covered_display": "47", "missing_lines": 63, "excluded_lines": 0, "percent_statements_covered": 46.610169491525426, "percent_statements_covered_display": "47"}, "missing_lines": [67, 137, 141, 142, 143, 148, 149, 165, 167, 169, 171, 173, 175, 200, 201, 202, 203, 206, 207, 208, 210, 211, 212, 215, 216, 218, 219, 220, 221, 222, 223, 224, 225, 227, 241, 242, 243, 248, 249, 250, 253, 254, 255, 256, 257, 260, 261, 262, 263, 264, 265, 266, 268, 285, 298, 311, 324, 325, 326, 339, 340, 341, 359], "excluded_lines": []}}}, "src/codeindex/utils/locking.py": {"executed_lines": [], "summary": {"covered_lines": 0, "num_statements": 74, "percent_covered": 0.0, "percent_covered_display": "0", "missing_lines": 74, "excluded_lines": 0, "percent_statements_covered": 0.0, "percent_statements_covered_display": "0"}, "missing_lines": [7, 8, 9, 10, 11, 13, 16, 23, 37, 38, 41, 44, 45, 46, 49, 50, 51, 53, 55, 65, 66, 67, 68, 69, 70, 76, 78, 79, 80, 81, 82, 84, 91, 93, 95, 96, 98, 100, 103, 105, 108, 109, 128, 129, 130, 131, 133, 136, 146, 147, 149, 150, 152, 153, 155, 156, 157, 159, 160, 162, 164, 166, 167, 168, 169, 171, 172, 173, 174, 176, 177, 178, 180, 181], "excluded_lines": [], "functions": {"ProjectLock.__init__": {"executed_lines": [], "summary": {"covered_lines": 0, "num_statements": 10, "percent_covered": 0.0, "percent_covered_display": "0", "missing_lines": 10, "excluded_lines": 0, "percent_statements_covered": 0.0, "percent_statements_covered_display": "0"}, "missing_lines": [37, 38, 41, 44, 45, 46, 49, 50, 51, 53], "excluded_lines": []}, "ProjectLock.acquire": {"executed_lines": [], "summary": {"covered_lines": 0, "num_statements": 6, "percent_covered": 0.0, "percent_covered_display": "0", "missing_lines": 6, "excluded_lines": 0, "percent_statements_covered": 0.0, "percent_statements_covered_display": "0"}, "missing_lines": [65, 66, 67, 68, 69, 70], "excluded_lines": []}, "ProjectLock.release": {"executed_lines": [], "summary": {"covered_lines": 0, "num_statements": 5, "percent_covered": 0.0, "percent_covered_display": "0", "missing_lines": 5, "excluded_lines": 0, "percent_statements_covered": 0.0, "percent_statements_covered_display": "0"}, "missing_lines": [78, 79, 80, 81, 82], "excluded_lines": []}, "ProjectLock.is_locked": {"executed_lines": [], "summary": {"covered_lines": 0, "num_statements": 1, "percent_covered": 0.0, "percent_covered_display": "0", "missing_lines": 1, "excluded_lines": 0, "percent_statements_covered": 0.0, "percent_statements_covered_display": "0"}, "missing_lines": [91], "excluded_lines": []}, "ProjectLock.__enter__": {"executed_lines": [], "summary": {"covered_lines": 0, "num_statements": 2, "percent_covered": 0.0, "percent_covered_display": "0", "missing_lines": 2, "excluded_lines": 0, "percent_statements_covered": 0.0, "percent_statements_covered_display": "0"}, "missing_lines": [95, 96], "excluded_lines": []}, "ProjectLock.__exit__": {"executed_lines": [], "summary": {"covered_lines": 0, "num_statements": 1, "percent_covered": 0.0, "percent_covered_display": "0", "missing_lines": 1, "excluded_lines": 0, "percent_statements_covered": 0.0, "percent_statements_covered_display": "0"}, "missing_lines": [100], "excluded_lines": []}, "project_lock": {"executed_lines": [], "summary": {"covered_lines": 0, "num_statements": 5, "percent_covered": 0.0, "percent_covered_display": "0", "missing_lines": 5, "excluded_lines": 0, "percent_statements_covered": 0.0, "percent_statements_covered_display": "0"}, "missing_lines": [128, 129, 130, 131, 133], "excluded_lines": []}, "cleanup_stale_locks": {"executed_lines": [], "summary": {"covered_lines": 0, "num_statements": 26, "percent_covered": 0.0, "percent_covered_display": "0", "missing_lines": 26, "excluded_lines": 0, "percent_statements_covered": 0.0, "percent_statements_covered_display": "0"}, "missing_lines": [146, 147, 149, 150, 152, 153, 155, 156, 157, 159, 160, 162, 164, 166, 167, 168, 169, 171, 172, 173, 174, 176, 177, 178, 180, 181], "excluded_lines": []}, "": {"executed_lines": [], "summary": {"covered_lines": 0, "num_statements": 18, "percent_covered": 0.0, "percent_covered_display": "0", "missing_lines": 18, "excluded_lines": 0, "percent_statements_covered": 0.0, "percent_statements_covered_display": "0"}, "missing_lines": [7, 8, 9, 10, 11, 13, 16, 23, 55, 76, 84, 93, 98, 103, 105, 108, 109, 136], "excluded_lines": []}}, "classes": {"ProjectLock": {"executed_lines": [], "summary": {"covered_lines": 0, "num_statements": 25, "percent_covered": 0.0, "percent_covered_display": "0", "missing_lines": 25, "excluded_lines": 0, "percent_statements_covered": 0.0, "percent_statements_covered_display": "0"}, "missing_lines": [37, 38, 41, 44, 45, 46, 49, 50, 51, 53, 65, 66, 67, 68, 69, 70, 78, 79, 80, 81, 82, 91, 95, 96, 100], "excluded_lines": []}, "ProjectLockError": {"executed_lines": [], "summary": {"covered_lines": 0, "num_statements": 0, "percent_covered": 100.0, "percent_covered_display": "100", "missing_lines": 0, "excluded_lines": 0, "percent_statements_covered": 100.0, "percent_statements_covered_display": "100"}, "missing_lines": [], "excluded_lines": []}, "": {"executed_lines": [], "summary": {"covered_lines": 0, "num_statements": 49, "percent_covered": 0.0, "percent_covered_display": "0", "missing_lines": 49, "excluded_lines": 0, "percent_statements_covered": 0.0, "percent_statements_covered_display": "0"}, "missing_lines": [7, 8, 9, 10, 11, 13, 16, 23, 55, 76, 84, 93, 98, 103, 105, 108, 109, 128, 129, 130, 131, 133, 136, 146, 147, 149, 150, 152, 153, 155, 156, 157, 159, 160, 162, 164, 166, 167, 168, 169, 171, 172, 173, 174, 176, 177, 178, 180, 181], "excluded_lines": []}}}, "src/codeindex/utils/logging.py": {"executed_lines": [], "summary": {"covered_lines": 0, "num_statements": 21, "percent_covered": 0.0, "percent_covered_display": "0", "missing_lines": 21, "excluded_lines": 0, "percent_statements_covered": 0.0, "percent_statements_covered_display": "0"}, "missing_lines": [7, 8, 9, 12, 24, 25, 26, 27, 29, 30, 31, 34, 45, 46, 47, 48, 50, 51, 53, 56, 66], "excluded_lines": [], "functions": {"setup_logging": {"executed_lines": [], "summary": {"covered_lines": 0, "num_statements": 15, "percent_covered": 0.0, "percent_covered_display": "0", "missing_lines": 15, "excluded_lines": 0, "percent_statements_covered": 0.0, "percent_statements_covered_display": "0"}, "missing_lines": [24, 25, 26, 27, 29, 30, 31, 34, 45, 46, 47, 48, 50, 51, 53], "excluded_lines": []}, "get_logger": {"executed_lines": [], "summary": {"covered_lines": 0, "num_statements": 1, "percent_covered": 0.0, "percent_covered_display": "0", "missing_lines": 1, "excluded_lines": 0, "percent_statements_covered": 0.0, "percent_statements_covered_display": "0"}, "missing_lines": [66], "excluded_lines": []}, "": {"executed_lines": [], "summary": {"covered_lines": 0, "num_statements": 5, "percent_covered": 0.0, "percent_covered_display": "0", "missing_lines": 5, "excluded_lines": 0, "percent_statements_covered": 0.0, "percent_statements_covered_display": "0"}, "missing_lines": [7, 8, 9, 12, 56], "excluded_lines": []}}, "classes": {"": {"executed_lines": [], "summary": {"covered_lines": 0, "num_statements": 21, "percent_covered": 0.0, "percent_covered_display": "0", "missing_lines": 21, "excluded_lines": 0, "percent_statements_covered": 0.0, "percent_statements_covered_display": "0"}, "missing_lines": [7, 8, 9, 12, 24, 25, 26, 27, 29, 30, 31, 34, 45, 46, 47, 48, 50, 51, 53, 56, 66], "excluded_lines": []}}}, "src/codeindex/utils/progress.py": {"executed_lines": [], "summary": {"covered_lines": 0, "num_statements": 84, "percent_covered": 0.0, "percent_covered_display": "0", "missing_lines": 84, "excluded_lines": 0, "percent_statements_covered": 0.0, "percent_statements_covered_display": "0"}, "missing_lines": [7, 8, 9, 10, 12, 15, 22, 30, 31, 32, 33, 34, 36, 43, 45, 46, 48, 50, 51, 53, 54, 55, 57, 58, 60, 62, 63, 70, 71, 72, 73, 75, 85, 86, 87, 88, 90, 97, 99, 100, 101, 103, 105, 107, 113, 114, 115, 117, 120, 121, 148, 158, 161, 169, 185, 186, 187, 188, 189, 190, 191, 192, 193, 195, 197, 205, 206, 208, 210, 211, 213, 220, 221, 224, 225, 227, 228, 229, 230, 231, 233, 235, 236, 237], "excluded_lines": [], "functions": {"ProgressTracker.__init__": {"executed_lines": [], "summary": {"covered_lines": 0, "num_statements": 5, "percent_covered": 0.0, "percent_covered_display": "0", "missing_lines": 5, "excluded_lines": 0, "percent_statements_covered": 0.0, "percent_statements_covered_display": "0"}, "missing_lines": [30, 31, 32, 33, 34], "excluded_lines": []}, "ProgressTracker.update": {"executed_lines": [], "summary": {"covered_lines": 0, "num_statements": 1, "percent_covered": 0.0, "percent_covered_display": "0", "missing_lines": 1, "excluded_lines": 0, "percent_statements_covered": 0.0, "percent_statements_covered_display": "0"}, "missing_lines": [43], "excluded_lines": []}, "ProgressTracker.elapsed": {"executed_lines": [], "summary": {"covered_lines": 0, "num_statements": 1, "percent_covered": 0.0, "percent_covered_display": "0", "missing_lines": 1, "excluded_lines": 0, "percent_statements_covered": 0.0, "percent_statements_covered_display": "0"}, "missing_lines": [48], "excluded_lines": []}, "ProgressTracker.rate": {"executed_lines": [], "summary": {"covered_lines": 0, "num_statements": 3, "percent_covered": 0.0, "percent_covered_display": "0", "missing_lines": 3, "excluded_lines": 0, "percent_statements_covered": 0.0, "percent_statements_covered_display": "0"}, "missing_lines": [53, 54, 55], "excluded_lines": []}, "ProgressTracker.rate_per_minute": {"executed_lines": [], "summary": {"covered_lines": 0, "num_statements": 1, "percent_covered": 0.0, "percent_covered_display": "0", "missing_lines": 1, "excluded_lines": 0, "percent_statements_covered": 0.0, "percent_statements_covered_display": "0"}, "missing_lines": [60], "excluded_lines": []}, "ProgressTracker.eta_seconds": {"executed_lines": [], "summary": {"covered_lines": 0, "num_statements": 4, "percent_covered": 0.0, "percent_covered_display": "0", "missing_lines": 4, "excluded_lines": 0, "percent_statements_covered": 0.0, "percent_statements_covered_display": "0"}, "missing_lines": [70, 71, 72, 73], "excluded_lines": []}, "ProgressTracker.format_time": {"executed_lines": [], "summary": {"covered_lines": 0, "num_statements": 4, "percent_covered": 0.0, "percent_covered_display": "0", "missing_lines": 4, "excluded_lines": 0, "percent_statements_covered": 0.0, "percent_statements_covered_display": "0"}, "missing_lines": [85, 86, 87, 88], "excluded_lines": []}, "ProgressTracker.summary": {"executed_lines": [], "summary": {"covered_lines": 0, "num_statements": 11, "percent_covered": 0.0, "percent_covered_display": "0", "missing_lines": 11, "excluded_lines": 0, "percent_statements_covered": 0.0, "percent_statements_covered_display": "0"}, "missing_lines": [97, 99, 100, 101, 103, 105, 107, 113, 114, 115, 117], "excluded_lines": []}, "progress_bar": {"executed_lines": [], "summary": {"covered_lines": 0, "num_statements": 2, "percent_covered": 0.0, "percent_covered_display": "0", "missing_lines": 2, "excluded_lines": 0, "percent_statements_covered": 0.0, "percent_statements_covered_display": "0"}, "missing_lines": [148, 158], "excluded_lines": []}, "ThrottledProgressBar.__init__": {"executed_lines": [], "summary": {"covered_lines": 0, "num_statements": 9, "percent_covered": 0.0, "percent_covered_display": "0", "missing_lines": 9, "excluded_lines": 0, "percent_statements_covered": 0.0, "percent_statements_covered_display": "0"}, "missing_lines": [185, 186, 187, 188, 189, 190, 191, 192, 193], "excluded_lines": []}, "ThrottledProgressBar.__enter__": {"executed_lines": [], "summary": {"covered_lines": 0, "num_statements": 3, "percent_covered": 0.0, "percent_covered_display": "0", "missing_lines": 3, "excluded_lines": 0, "percent_statements_covered": 0.0, "percent_statements_covered_display": "0"}, "missing_lines": [197, 205, 206], "excluded_lines": []}, "ThrottledProgressBar.__exit__": {"executed_lines": [], "summary": {"covered_lines": 0, "num_statements": 2, "percent_covered": 0.0, "percent_covered_display": "0", "missing_lines": 2, "excluded_lines": 0, "percent_statements_covered": 0.0, "percent_statements_covered_display": "0"}, "missing_lines": [210, 211], "excluded_lines": []}, "ThrottledProgressBar.update": {"executed_lines": [], "summary": {"covered_lines": 0, "num_statements": 9, "percent_covered": 0.0, "percent_covered_display": "0", "missing_lines": 9, "excluded_lines": 0, "percent_statements_covered": 0.0, "percent_statements_covered_display": "0"}, "missing_lines": [220, 221, 224, 225, 227, 228, 229, 230, 231], "excluded_lines": []}, "ThrottledProgressBar.finish": {"executed_lines": [], "summary": {"covered_lines": 0, "num_statements": 3, "percent_covered": 0.0, "percent_covered_display": "0", "missing_lines": 3, "excluded_lines": 0, "percent_statements_covered": 0.0, "percent_statements_covered_display": "0"}, "missing_lines": [235, 236, 237], "excluded_lines": []}, "": {"executed_lines": [], "summary": {"covered_lines": 0, "num_statements": 26, "percent_covered": 0.0, "percent_covered_display": "0", "missing_lines": 26, "excluded_lines": 0, "percent_statements_covered": 0.0, "percent_statements_covered_display": "0"}, "missing_lines": [7, 8, 9, 10, 12, 15, 22, 36, 45, 46, 50, 51, 57, 58, 62, 63, 75, 90, 120, 121, 161, 169, 195, 208, 213, 233], "excluded_lines": []}}, "classes": {"ProgressTracker": {"executed_lines": [], "summary": {"covered_lines": 0, "num_statements": 30, "percent_covered": 0.0, "percent_covered_display": "0", "missing_lines": 30, "excluded_lines": 0, "percent_statements_covered": 0.0, "percent_statements_covered_display": "0"}, "missing_lines": [30, 31, 32, 33, 34, 43, 48, 53, 54, 55, 60, 70, 71, 72, 73, 85, 86, 87, 88, 97, 99, 100, 101, 103, 105, 107, 113, 114, 115, 117], "excluded_lines": []}, "ThrottledProgressBar": {"executed_lines": [], "summary": {"covered_lines": 0, "num_statements": 26, "percent_covered": 0.0, "percent_covered_display": "0", "missing_lines": 26, "excluded_lines": 0, "percent_statements_covered": 0.0, "percent_statements_covered_display": "0"}, "missing_lines": [185, 186, 187, 188, 189, 190, 191, 192, 193, 197, 205, 206, 210, 211, 220, 221, 224, 225, 227, 228, 229, 230, 231, 235, 236, 237], "excluded_lines": []}, "": {"executed_lines": [], "summary": {"covered_lines": 0, "num_statements": 28, "percent_covered": 0.0, "percent_covered_display": "0", "missing_lines": 28, "excluded_lines": 0, "percent_statements_covered": 0.0, "percent_statements_covered_display": "0"}, "missing_lines": [7, 8, 9, 10, 12, 15, 22, 36, 45, 46, 50, 51, 57, 58, 62, 63, 75, 90, 120, 121, 148, 158, 161, 169, 195, 208, 213, 233], "excluded_lines": []}}}, "src/codeindex/utils/retry.py": {"executed_lines": [1, 6, 7, 8, 9, 11, 13, 16, 42, 43, 44, 45, 46, 48, 49, 50, 74, 75, 78, 79, 94, 117, 126, 155], "summary": {"covered_lines": 22, "num_statements": 49, "percent_covered": 44.89795918367347, "percent_covered_display": "45", "missing_lines": 27, "excluded_lines": 0, "percent_statements_covered": 44.89795918367347, "percent_statements_covered_display": "45"}, "missing_lines": [51, 52, 53, 55, 56, 59, 62, 64, 69, 72, 110, 111, 112, 113, 114, 115, 124, 133, 134, 136, 137, 140, 143, 148, 153, 157, 158], "excluded_lines": [], "functions": {"retry": {"executed_lines": [42, 43, 75], "summary": {"covered_lines": 3, "num_statements": 3, "percent_covered": 100.0, "percent_covered_display": "100", "missing_lines": 0, "excluded_lines": 0, "percent_statements_covered": 100.0, "percent_statements_covered_display": "100"}, "missing_lines": [], "excluded_lines": []}, "retry.decorator": {"executed_lines": [44, 74], "summary": {"covered_lines": 2, "num_statements": 2, "percent_covered": 100.0, "percent_covered_display": "100", "missing_lines": 0, "excluded_lines": 0, "percent_statements_covered": 100.0, "percent_statements_covered_display": "100"}, "missing_lines": [], "excluded_lines": []}, "retry.decorator.wrapper": {"executed_lines": [45, 46, 48, 49, 50], "summary": {"covered_lines": 5, "num_statements": 15, "percent_covered": 33.333333333333336, "percent_covered_display": "33", "missing_lines": 10, "excluded_lines": 0, "percent_statements_covered": 33.333333333333336, "percent_statements_covered_display": "33"}, "missing_lines": [51, 52, 53, 55, 56, 59, 62, 64, 69, 72], "excluded_lines": []}, "RetryContext.__init__": {"executed_lines": [], "summary": {"covered_lines": 0, "num_statements": 6, "percent_covered": 0.0, "percent_covered_display": "0", "missing_lines": 6, "excluded_lines": 0, "percent_statements_covered": 0.0, "percent_statements_covered_display": "0"}, "missing_lines": [110, 111, 112, 113, 114, 115], "excluded_lines": []}, "RetryContext.should_retry": {"executed_lines": [], "summary": {"covered_lines": 0, "num_statements": 1, "percent_covered": 0.0, "percent_covered_display": "0", "missing_lines": 1, "excluded_lines": 0, "percent_statements_covered": 0.0, "percent_statements_covered_display": "0"}, "missing_lines": [124], "excluded_lines": []}, "RetryContext.record_failure": {"executed_lines": [], "summary": {"covered_lines": 0, "num_statements": 8, "percent_covered": 0.0, "percent_covered_display": "0", "missing_lines": 8, "excluded_lines": 0, "percent_statements_covered": 0.0, "percent_statements_covered_display": "0"}, "missing_lines": [133, 134, 136, 137, 140, 143, 148, 153], "excluded_lines": []}, "RetryContext.reset": {"executed_lines": [], "summary": {"covered_lines": 0, "num_statements": 2, "percent_covered": 0.0, "percent_covered_display": "0", "missing_lines": 2, "excluded_lines": 0, "percent_statements_covered": 0.0, "percent_statements_covered_display": "0"}, "missing_lines": [157, 158], "excluded_lines": []}, "": {"executed_lines": [1, 6, 7, 8, 9, 11, 13, 16, 78, 79, 94, 117, 126, 155], "summary": {"covered_lines": 12, "num_statements": 12, "percent_covered": 100.0, "percent_covered_display": "100", "missing_lines": 0, "excluded_lines": 0, "percent_statements_covered": 100.0, "percent_statements_covered_display": "100"}, "missing_lines": [], "excluded_lines": []}}, "classes": {"RetryContext": {"executed_lines": [], "summary": {"covered_lines": 0, "num_statements": 17, "percent_covered": 0.0, "percent_covered_display": "0", "missing_lines": 17, "excluded_lines": 0, "percent_statements_covered": 0.0, "percent_statements_covered_display": "0"}, "missing_lines": [110, 111, 112, 113, 114, 115, 124, 133, 134, 136, 137, 140, 143, 148, 153, 157, 158], "excluded_lines": []}, "": {"executed_lines": [1, 6, 7, 8, 9, 11, 13, 16, 42, 43, 44, 45, 46, 48, 49, 50, 74, 75, 78, 79, 94, 117, 126, 155], "summary": {"covered_lines": 22, "num_statements": 32, "percent_covered": 68.75, "percent_covered_display": "69", "missing_lines": 10, "excluded_lines": 0, "percent_statements_covered": 68.75, "percent_statements_covered_display": "69"}, "missing_lines": [51, 52, 53, 55, 56, 59, 62, 64, 69, 72], "excluded_lines": []}}}}, "totals": {"covered_lines": 3233, "num_statements": 7054, "percent_covered": 45.83215197051318, "percent_covered_display": "46", "missing_lines": 3821, "excluded_lines": 2, "percent_statements_covered": 45.83215197051318, "percent_statements_covered_display": "46"}}